07:16:50,658 INFO  [org.jboss.modules] (main) JBoss Modules version 1.3.0.Final-redhat-2
07:16:50,783 INFO  [org.jboss.as.process.Host Controller.status] (main) JBAS012017: Starting process 'Host Controller'
07:16:53,063 INFO  [org.jboss.as.process.Server:server-one.status] (ProcessController-threads - 3) JBAS012017: Starting process 'Server:server-one'
07:16:54,373 INFO  [org.jboss.as.process.Server:server-two.status] (ProcessController-threads - 3) JBAS012017: Starting process 'Server:server-two'
07:17:02,001 ERROR [org.jboss.as.process.Server:server-two.status] (ProcessController-threads - 3) JBAS012007: Failed to send reconnect message to process 'Server:server-two' input stream: java.io.IOException: The pipe is being closed
	at java.io.FileOutputStream.writeBytes(Native Method) [rt.jar:1.8.0_45]
	at java.io.FileOutputStream.write(FileOutputStream.java:326) [rt.jar:1.8.0_45]
	at java.io.BufferedOutputStream.flushBuffer(BufferedOutputStream.java:82) [rt.jar:1.8.0_45]
	at java.io.BufferedOutputStream.flush(BufferedOutputStream.java:140) [rt.jar:1.8.0_45]
	at org.jboss.as.process.ManagedProcess.reconnect(ManagedProcess.java:174) [jboss-as-process-controller-7.3.0.Final-redhat-14.jar:7.3.0.Final-redhat-14]
	at org.jboss.as.process.ProcessController.sendReconnectProcess(ProcessController.java:368) [jboss-as-process-controller-7.3.0.Final-redhat-14.jar:7.3.0.Final-redhat-14]
	at org.jboss.as.process.ProcessControllerServerHandler$InitMessageHandler$ConnectedMessageHandler.handleMessage(ProcessControllerServerHandler.java:226) [jboss-as-process-controller-7.3.0.Final-redhat-14.jar:7.3.0.Final-redhat-14]
	at org.jboss.as.process.protocol.ConnectionImpl.safeHandleMessage(ConnectionImpl.java:269) [jboss-as-process-controller-7.3.0.Final-redhat-14.jar:7.3.0.Final-redhat-14]
	at org.jboss.as.process.protocol.ConnectionImpl$1$1.run(ConnectionImpl.java:223) [jboss-as-process-controller-7.3.0.Final-redhat-14.jar:7.3.0.Final-redhat-14]
	at java.util.concurrent.ThreadPoolExecutor.runWorker(ThreadPoolExecutor.java:1142) [rt.jar:1.8.0_45]
	at java.util.concurrent.ThreadPoolExecutor$Worker.run(ThreadPoolExecutor.java:617) [rt.jar:1.8.0_45]
	at java.lang.Thread.run(Thread.java:745) [rt.jar:1.8.0_45]
	at org.jboss.threads.JBossThread.run(JBossThread.java:122) [jboss-threads-2.1.1.Final-redhat-1.jar:2.1.1.Final-redhat-1]

07:17:02,028 INFO  [org.jboss.as.process.Server:server-two.status] (reaper for Server:server-two) JBAS012010: Process 'Server:server-two' finished with an exit status of -1073741510
07:17:02,028 ERROR [org.jboss.as.process.Server:server-one.status] (ProcessController-threads - 3) JBAS012007: Failed to send reconnect message to process 'Server:server-one' input stream: java.io.IOException: The pipe is being closed
	at java.io.FileOutputStream.writeBytes(Native Method) [rt.jar:1.8.0_45]
	at java.io.FileOutputStream.write(FileOutputStream.java:326) [rt.jar:1.8.0_45]
	at java.io.BufferedOutputStream.flushBuffer(BufferedOutputStream.java:82) [rt.jar:1.8.0_45]
	at java.io.BufferedOutputStream.flush(BufferedOutputStream.java:140) [rt.jar:1.8.0_45]
	at org.jboss.as.process.ManagedProcess.reconnect(ManagedProcess.java:174) [jboss-as-process-controller-7.3.0.Final-redhat-14.jar:7.3.0.Final-redhat-14]
	at org.jboss.as.process.ProcessController.sendReconnectProcess(ProcessController.java:368) [jboss-as-process-controller-7.3.0.Final-redhat-14.jar:7.3.0.Final-redhat-14]
	at org.jboss.as.process.ProcessControllerServerHandler$InitMessageHandler$ConnectedMessageHandler.handleMessage(ProcessControllerServerHandler.java:226) [jboss-as-process-controller-7.3.0.Final-redhat-14.jar:7.3.0.Final-redhat-14]
	at org.jboss.as.process.protocol.ConnectionImpl.safeHandleMessage(ConnectionImpl.java:269) [jboss-as-process-controller-7.3.0.Final-redhat-14.jar:7.3.0.Final-redhat-14]
	at org.jboss.as.process.protocol.ConnectionImpl$1$1.run(ConnectionImpl.java:223) [jboss-as-process-controller-7.3.0.Final-redhat-14.jar:7.3.0.Final-redhat-14]
	at java.util.concurrent.ThreadPoolExecutor.runWorker(ThreadPoolExecutor.java:1142) [rt.jar:1.8.0_45]
	at java.util.concurrent.ThreadPoolExecutor$Worker.run(ThreadPoolExecutor.java:617) [rt.jar:1.8.0_45]
	at java.lang.Thread.run(Thread.java:745) [rt.jar:1.8.0_45]
	at org.jboss.threads.JBossThread.run(JBossThread.java:122) [jboss-threads-2.1.1.Final-redhat-1.jar:2.1.1.Final-redhat-1]

07:17:02,075 INFO  [org.jboss.as.process.Server:server-one.status] (reaper for Server:server-one) JBAS012010: Process 'Server:server-one' finished with an exit status of -1073741510
