#
# There is insufficient memory for the Java Runtime Environment to continue.
# Native memory allocation (malloc) failed to allocate 1945232 bytes for Chunk::new
# Possible reasons:
#   The system is out of physical RAM or swap space
#   In 32 bit mode, the process size limit was hit
# Possible solutions:
#   Reduce memory load on the system
#   Increase physical memory or swap space
#   Check if swap backing store is full
#   Use 64 bit Java on a 64 bit OS
#   Decrease Java heap size (-Xmx/-Xms)
#   Decrease number of Java threads
#   Decrease Java thread stack sizes (-Xss)
#   Set larger code cache with -XX:ReservedCodeCacheSize=
# This output file may be truncated or incomplete.
#
#  Out of Memory Error (allocation.cpp:390), pid=3224, tid=13040
#
# JRE version: Java(TM) SE Runtime Environment (8.0_45-b15) (build 1.8.0_45-b15)
# Java VM: Java HotSpot(TM) 64-Bit Server VM (25.45-b02 mixed mode windows-amd64 compressed oops)
# Failed to write core dump. Minidumps are not enabled by default on client versions of Windows
#

---------------  T H R E A D  ---------------

Current thread (0x0000000019929800):  JavaThread "C2 CompilerThread1" daemon [_thread_in_native, id=13040, stack(0x000000001a610000,0x000000001a710000)]

Stack: [0x000000001a610000,0x000000001a710000]
Native frames: (J=compiled Java code, j=interpreted, Vv=VM code, C=native code)
V  [jvm.dll+0x32b57a]
V  [jvm.dll+0x279873]
V  [jvm.dll+0x27a509]
V  [jvm.dll+0x271825]
V  [jvm.dll+0xcb9e2]
V  [jvm.dll+0xcbeac]
V  [jvm.dll+0x4929e7]
V  [jvm.dll+0x45f6ff]
V  [jvm.dll+0x46a73b]
V  [jvm.dll+0x46cd52]
V  [jvm.dll+0x4500f2]
V  [jvm.dll+0xa4352]
V  [jvm.dll+0xa4c8f]
V  [jvm.dll+0x241984]
V  [jvm.dll+0x29853a]
C  [msvcr100.dll+0x21d9f]
C  [msvcr100.dll+0x21e3b]
C  [KERNEL32.DLL+0x13034]
C  [ntdll.dll+0x71551]


Current CompileTask:
C2:  12375 7130       4       sun.reflect.generics.parser.SignatureParser::parsePackageNameAndSimpleClassTypeSignature (139 bytes)


---------------  P R O C E S S  ---------------

Java Threads: ( => current thread )
  0x0000000020e25000 JavaThread "ClassLoader Thread" daemon [_thread_blocked, id=3664, stack(0x000000002bdd0000,0x000000002bed0000)]
  0x0000000020e29000 JavaThread "ServerService Thread Pool -- 50" [_thread_blocked, id=2948, stack(0x000000002a230000,0x000000002a330000)]
  0x0000000020e23000 JavaThread "ServerService Thread Pool -- 49" [_thread_blocked, id=12244, stack(0x000000002a130000,0x000000002a230000)]
  0x0000000020e28000 JavaThread "ServerService Thread Pool -- 48" [_thread_blocked, id=11360, stack(0x000000002a030000,0x000000002a130000)]
  0x000000001f55e000 JavaThread "management-handler-thread - 4" [_thread_blocked, id=5372, stack(0x0000000029f30000,0x000000002a030000)]
  0x000000001f562800 JavaThread "management-handler-thread - 3" [_thread_blocked, id=14580, stack(0x0000000029e30000,0x0000000029f30000)]
  0x000000001f55c000 JavaThread "management-handler-thread - 2" [_thread_blocked, id=8492, stack(0x0000000029d30000,0x0000000029e30000)]
  0x000000001f560800 JavaThread "management-handler-thread - 1" [_thread_blocked, id=10648, stack(0x0000000029c30000,0x0000000029d30000)]
  0x000000001f55d800 JavaThread "Remoting "ittrong:MANAGEMENT" task-4" [_thread_blocked, id=11252, stack(0x0000000029b30000,0x0000000029c30000)]
  0x000000001f55f800 JavaThread "Remoting "ittrong:MANAGEMENT" task-3" [_thread_blocked, id=1772, stack(0x0000000029a30000,0x0000000029b30000)]
  0x000000001f562000 JavaThread "Remoting "ittrong:MANAGEMENT" task-2" [_thread_blocked, id=2800, stack(0x00000000280e0000,0x00000000281e0000)]
  0x000000001f561000 JavaThread "Remoting "ittrong:MANAGEMENT" task-1" [_thread_blocked, id=12788, stack(0x0000000027fe0000,0x00000000280e0000)]
  0x000000001f55c800 JavaThread "Thread-72" [_thread_in_native, id=5056, stack(0x0000000027ee0000,0x0000000027fe0000)]
  0x000000001f555000 JavaThread "http-localhost/127.0.0.1:8180-1" daemon [_thread_blocked, id=15240, stack(0x0000000027de0000,0x0000000027ee0000)]
  0x000000001f559000 JavaThread "Transaction Reaper Worker 0" daemon [_thread_blocked, id=3416, stack(0x0000000027ce0000,0x0000000027de0000)]
  0x000000001f558000 JavaThread "Transaction Reaper" daemon [_thread_blocked, id=9352, stack(0x0000000027be0000,0x0000000027ce0000)]
  0x000000001f55b000 JavaThread "server-timer" daemon [_thread_blocked, id=4424, stack(0x0000000027ae0000,0x0000000027be0000)]
  0x000000001f55a800 JavaThread "Periodic Recovery" [_thread_blocked, id=9644, stack(0x00000000279e0000,0x0000000027ae0000)]
  0x000000001f556000 JavaThread "http-localhost/127.0.0.1:8180-Acceptor-0" daemon [_thread_in_native, id=5960, stack(0x00000000278e0000,0x00000000279e0000)]
  0x000000001f554800 JavaThread "http-localhost/127.0.0.1:8180-Poller" daemon [_thread_blocked, id=5272, stack(0x00000000277e0000,0x00000000278e0000)]
  0x000000001f553800 JavaThread "Transaction Expired Entry Monitor" daemon [_thread_blocked, id=11148, stack(0x00000000276e0000,0x00000000277e0000)]
  0x000000001f557800 JavaThread "Timer-0" [_thread_blocked, id=1472, stack(0x00000000275e0000,0x00000000276e0000)]
  0x000000001f559800 JavaThread "ContainerBackgroundProcessor[StandardEngine[jboss.web]]" daemon [_thread_blocked, id=8792, stack(0x00000000274e0000,0x00000000275e0000)]
  0x000000001f556800 JavaThread "ejb-client-context-tasks-2-thread-2" daemon [_thread_blocked, id=8260, stack(0x00000000273e0000,0x00000000274e0000)]
  0x00000000210bc000 JavaThread "ejb-client-context-tasks-2-thread-1" daemon [_thread_blocked, id=8944, stack(0x00000000272e0000,0x00000000273e0000)]
  0x00000000210c0000 JavaThread "Abandoned connection cleanup thread" daemon [_thread_blocked, id=6288, stack(0x0000000026210000,0x0000000026310000)]
  0x00000000210c2800 JavaThread "Remoting "ittrong:MANAGEMENT" write-1" [_thread_in_native, id=7032, stack(0x0000000025c90000,0x0000000025d90000)]
  0x00000000210bf000 JavaThread "Remoting "ittrong:MANAGEMENT" read-1" [_thread_in_native, id=4216, stack(0x0000000025b90000,0x0000000025c90000)]
  0x00000000210be800 JavaThread "Remoting "ittrong" write-1" [_thread_in_native, id=8988, stack(0x0000000025a90000,0x0000000025b90000)]
  0x00000000210bd000 JavaThread "Remoting "ittrong" read-1" [_thread_in_native, id=14744, stack(0x0000000025990000,0x0000000025a90000)]
  0x00000000210c1000 JavaThread "ConnectionValidator" daemon [_thread_blocked, id=9000, stack(0x0000000025420000,0x0000000025520000)]
  0x00000000210c3000 JavaThread "IdleRemover" daemon [_thread_blocked, id=3580, stack(0x0000000025320000,0x0000000025420000)]
  0x00000000210c1800 JavaThread "ServerService Thread Pool -- 47" [_thread_blocked, id=6168, stack(0x0000000024050000,0x0000000024150000)]
  0x00000000210b7000 JavaThread "ServerService Thread Pool -- 46" [_thread_blocked, id=2712, stack(0x0000000023f50000,0x0000000024050000)]
  0x00000000210bb800 JavaThread "ServerService Thread Pool -- 45" [_thread_blocked, id=9468, stack(0x0000000023e50000,0x0000000023f50000)]
  0x00000000210b4000 JavaThread "ServerService Thread Pool -- 44" [_thread_blocked, id=264, stack(0x0000000023d50000,0x0000000023e50000)]
  0x00000000210b6000 JavaThread "ServerService Thread Pool -- 43" [_thread_blocked, id=11628, stack(0x0000000023c50000,0x0000000023d50000)]
  0x00000000210b8800 JavaThread "ServerService Thread Pool -- 42" [_thread_blocked, id=6080, stack(0x0000000023b50000,0x0000000023c50000)]
  0x00000000210ba800 JavaThread "ServerService Thread Pool -- 41" [_thread_blocked, id=14152, stack(0x0000000023a50000,0x0000000023b50000)]
  0x00000000210ba000 JavaThread "ServerService Thread Pool -- 40" [_thread_blocked, id=11372, stack(0x0000000023950000,0x0000000023a50000)]
  0x00000000210b7800 JavaThread "ServerService Thread Pool -- 39" [_thread_blocked, id=12304, stack(0x0000000023850000,0x0000000023950000)]
  0x00000000210b4800 JavaThread "ServerService Thread Pool -- 38" [_thread_blocked, id=4460, stack(0x0000000023750000,0x0000000023850000)]
  0x00000000210b9000 JavaThread "ServerService Thread Pool -- 37" [_thread_blocked, id=8940, stack(0x0000000023650000,0x0000000023750000)]
  0x00000000210b5800 JavaThread "ServerService Thread Pool -- 36" [_thread_blocked, id=1104, stack(0x0000000023550000,0x0000000023650000)]
  0x000000001f348800 JavaThread "ServerService Thread Pool -- 35" [_thread_blocked, id=7588, stack(0x0000000023450000,0x0000000023550000)]
  0x000000001f348000 JavaThread "ServerService Thread Pool -- 34" [_thread_blocked, id=3088, stack(0x0000000023350000,0x0000000023450000)]
  0x000000001f342800 JavaThread "ServerService Thread Pool -- 33" [_thread_blocked, id=8396, stack(0x0000000023250000,0x0000000023350000)]
  0x000000001f349800 JavaThread "ServerService Thread Pool -- 32" [_thread_blocked, id=3476, stack(0x0000000023150000,0x0000000023250000)]
  0x000000001f340800 JavaThread "ServerService Thread Pool -- 31" [_thread_blocked, id=9580, stack(0x0000000023050000,0x0000000023150000)]
  0x000000001f347000 JavaThread "ServerService Thread Pool -- 30" [_thread_blocked, id=3712, stack(0x0000000022f50000,0x0000000023050000)]
  0x000000001f33f800 JavaThread "ServerService Thread Pool -- 29" [_thread_blocked, id=8152, stack(0x0000000022e50000,0x0000000022f50000)]
  0x000000001f346800 JavaThread "ServerService Thread Pool -- 28" [_thread_blocked, id=9028, stack(0x0000000022d50000,0x0000000022e50000)]
  0x000000001f345000 JavaThread "ServerService Thread Pool -- 27" [_thread_blocked, id=9088, stack(0x0000000022c50000,0x0000000022d50000)]
  0x000000001f342000 JavaThread "ServerService Thread Pool -- 26" [_thread_blocked, id=4816, stack(0x0000000022b50000,0x0000000022c50000)]
  0x000000001f345800 JavaThread "ServerService Thread Pool -- 25" [_thread_blocked, id=9316, stack(0x0000000022a50000,0x0000000022b50000)]
  0x000000001f33d800 JavaThread "DeploymentScanner-threads - 2" [_thread_blocked, id=10164, stack(0x0000000022750000,0x0000000022850000)]
  0x000000001f344000 JavaThread "DeploymentScanner-threads - 1" [_thread_blocked, id=7288, stack(0x0000000022070000,0x0000000022170000)]
  0x000000001f343800 JavaThread "ServerService Thread Pool -- 24" [_thread_blocked, id=8448, stack(0x0000000021f70000,0x0000000022070000)]
  0x000000001f33e000 JavaThread "ServerService Thread Pool -- 23" [_thread_blocked, id=4392, stack(0x0000000021e70000,0x0000000021f70000)]
  0x000000001f33a800 JavaThread "ServerService Thread Pool -- 22" [_thread_blocked, id=10044, stack(0x0000000021b70000,0x0000000021c70000)]
  0x000000001f341000 JavaThread "ServerService Thread Pool -- 21" [_thread_blocked, id=5656, stack(0x0000000021a70000,0x0000000021b70000)]
  0x000000001f33c800 JavaThread "ServerService Thread Pool -- 20" [_thread_blocked, id=14588, stack(0x0000000021970000,0x0000000021a70000)]
  0x000000001f33f000 JavaThread "ServerService Thread Pool -- 19" [_thread_blocked, id=10268, stack(0x0000000021870000,0x0000000021970000)]
  0x000000001bf42800 JavaThread "ServerService Thread Pool -- 18" [_thread_blocked, id=11876, stack(0x00000000205a0000,0x00000000206a0000)]
  0x000000001bf42000 JavaThread "ServerService Thread Pool -- 17" [_thread_blocked, id=3708, stack(0x00000000204a0000,0x00000000205a0000)]
  0x000000001bf41000 JavaThread "ServerService Thread Pool -- 16" [_thread_blocked, id=10932, stack(0x00000000203a0000,0x00000000204a0000)]
  0x000000001bf40800 JavaThread "ServerService Thread Pool -- 15" [_thread_blocked, id=12292, stack(0x00000000202a0000,0x00000000203a0000)]
  0x000000001bf3f800 JavaThread "ServerService Thread Pool -- 14" [_thread_blocked, id=8388, stack(0x00000000201a0000,0x00000000202a0000)]
  0x000000001bf3f000 JavaThread "ServerService Thread Pool -- 13" [_thread_blocked, id=2000, stack(0x00000000200a0000,0x00000000201a0000)]
  0x000000001bf3e000 JavaThread "ServerService Thread Pool -- 12" [_thread_blocked, id=12676, stack(0x000000001ffa0000,0x00000000200a0000)]
  0x000000001bf3c000 JavaThread "ServerService Thread Pool -- 11" [_thread_blocked, id=14656, stack(0x000000001fea0000,0x000000001ffa0000)]
  0x000000001bf3d800 JavaThread "ServerService Thread Pool -- 10" [_thread_blocked, id=2884, stack(0x000000001fda0000,0x000000001fea0000)]
  0x000000001bf3c800 JavaThread "ServerService Thread Pool -- 9" [_thread_blocked, id=5676, stack(0x000000001fca0000,0x000000001fda0000)]
  0x000000001bf34800 JavaThread "ServerService Thread Pool -- 8" [_thread_blocked, id=6088, stack(0x000000001fba0000,0x000000001fca0000)]
  0x000000001bf3b000 JavaThread "ServerService Thread Pool -- 7" [_thread_blocked, id=3640, stack(0x000000001faa0000,0x000000001fba0000)]
  0x000000001bf37800 JavaThread "ServerService Thread Pool -- 6" [_thread_blocked, id=2876, stack(0x000000001f9a0000,0x000000001faa0000)]
  0x000000001bf39800 JavaThread "ServerService Thread Pool -- 5" [_thread_blocked, id=8504, stack(0x000000001f8a0000,0x000000001f9a0000)]
  0x000000001bf36000 JavaThread "ServerService Thread Pool -- 4" [_thread_blocked, id=8596, stack(0x000000001e7d0000,0x000000001e8d0000)]
  0x000000001bf39000 JavaThread "ServerService Thread Pool -- 3" [_thread_blocked, id=15208, stack(0x000000001e6d0000,0x000000001e7d0000)]
  0x000000001bf36800 JavaThread "ServerService Thread Pool -- 2" [_thread_blocked, id=4928, stack(0x000000001e5d0000,0x000000001e6d0000)]
  0x000000001bf3a800 JavaThread "ServerService Thread Pool -- 1" [_thread_blocked, id=6752, stack(0x000000001e4d0000,0x000000001e5d0000)]
  0x000000001bf35000 JavaThread "DestroyJavaVM" [_thread_blocked, id=13056, stack(0x00000000025a0000,0x00000000026a0000)]
  0x000000001bf38000 JavaThread "Controller Boot Thread" [_thread_blocked, id=13156, stack(0x000000001dc20000,0x000000001de20000)]
  0x0000000019939000 JavaThread "MSC service thread 1-16" [_thread_blocked, id=4256, stack(0x000000001d920000,0x000000001da20000)]
  0x0000000019933800 JavaThread "MSC service thread 1-15" [_thread_blocked, id=11816, stack(0x000000001d820000,0x000000001d920000)]
  0x0000000019934800 JavaThread "MSC service thread 1-14" [_thread_blocked, id=14128, stack(0x000000001d720000,0x000000001d820000)]
  0x0000000019938000 JavaThread "MSC service thread 1-13" [_thread_blocked, id=4364, stack(0x000000001d620000,0x000000001d720000)]
  0x0000000019937800 JavaThread "MSC service thread 1-12" [_thread_in_vm, id=14144, stack(0x000000001d520000,0x000000001d620000)]
  0x0000000019936000 JavaThread "MSC service thread 1-11" [_thread_blocked, id=680, stack(0x000000001d420000,0x000000001d520000)]
  0x000000001b2d3800 JavaThread "MSC service thread 1-10" [_thread_blocked, id=9232, stack(0x000000001d320000,0x000000001d420000)]
  0x000000001b306800 JavaThread "MSC service thread 1-9" [_thread_blocked, id=8932, stack(0x000000001d220000,0x000000001d320000)]
  0x000000001b3cb000 JavaThread "MSC service thread 1-8" [_thread_blocked, id=9260, stack(0x000000001d120000,0x000000001d220000)]
  0x000000001b2fa000 JavaThread "MSC service thread 1-7" [_thread_blocked, id=12696, stack(0x000000001d020000,0x000000001d120000)]
  0x000000001b2c2800 JavaThread "MSC service thread 1-6" [_thread_blocked, id=760, stack(0x000000001cf20000,0x000000001d020000)]
  0x000000001b2bf800 JavaThread "MSC service thread 1-5" [_thread_blocked, id=3500, stack(0x000000001ce20000,0x000000001cf20000)]
  0x000000001b2be000 JavaThread "MSC service thread 1-4" [_thread_blocked, id=1208, stack(0x000000001cd20000,0x000000001ce20000)]
  0x000000001b2bd000 JavaThread "MSC service thread 1-3" [_thread_blocked, id=8468, stack(0x000000001cb20000,0x000000001cc20000)]
  0x000000001b2bb800 JavaThread "MSC service thread 1-2" [_thread_blocked, id=12492, stack(0x000000001ca20000,0x000000001cb20000)]
  0x000000001b36f800 JavaThread "MSC service thread 1-1" [_thread_blocked, id=672, stack(0x000000001c920000,0x000000001ca20000)]
  0x0000000019aee800 JavaThread "Reference Reaper" daemon [_thread_blocked, id=13400, stack(0x000000001ab10000,0x000000001ac10000)]
  0x00000000199c5800 JavaThread "Service Thread" daemon [_thread_blocked, id=14660, stack(0x000000001a910000,0x000000001aa10000)]
  0x0000000019935000 JavaThread "C1 CompilerThread3" daemon [_thread_blocked, id=13004, stack(0x000000001a810000,0x000000001a910000)]
  0x0000000019932000 JavaThread "C2 CompilerThread2" daemon [_thread_in_native, id=13092, stack(0x000000001a710000,0x000000001a810000)]
=>0x0000000019929800 JavaThread "C2 CompilerThread1" daemon [_thread_in_native, id=13040, stack(0x000000001a610000,0x000000001a710000)]
  0x000000001991f800 JavaThread "C2 CompilerThread0" daemon [_thread_in_native, id=13052, stack(0x000000001a510000,0x000000001a610000)]
  0x0000000019912800 JavaThread "JDWP Command Reader" daemon [_thread_in_native, id=9808, stack(0x000000001a410000,0x000000001a510000)]
  0x0000000019911800 JavaThread "JDWP Event Helper Thread" daemon [_thread_blocked, id=13360, stack(0x000000001a310000,0x000000001a410000)]
  0x0000000019904000 JavaThread "JDWP Transport Listener: dt_socket" daemon [_thread_blocked, id=13588, stack(0x000000001a210000,0x000000001a310000)]
  0x00000000198fa800 JavaThread "Attach Listener" daemon [_thread_blocked, id=6404, stack(0x0000000019dd0000,0x0000000019ed0000)]
  0x00000000198f8800 JavaThread "Signal Dispatcher" daemon [_thread_blocked, id=13800, stack(0x0000000019cd0000,0x0000000019dd0000)]
  0x00000000178cd000 JavaThread "Finalizer" daemon [_thread_blocked, id=6388, stack(0x00000000197d0000,0x00000000198d0000)]
  0x0000000002856800 JavaThread "Reference Handler" daemon [_thread_blocked, id=11500, stack(0x00000000196d0000,0x00000000197d0000)]

Other Threads:
  0x00000000178c9000 VMThread [stack: 0x00000000195d0000,0x00000000196d0000] [id=13100]
  0x00000000199a3000 WatcherThread [stack: 0x000000001aa10000,0x000000001ab10000] [id=7008]

VM state:not at safepoint (normal execution)

VM Mutex/Monitor currently owned by a thread: None

Heap:
 PSYoungGen      total 305664K, used 170338K [0x00000000d5580000, 0x00000000eaa80000, 0x0000000100000000)
  eden space 262144K, 50% used [0x00000000d5580000,0x00000000dd6384a8,0x00000000e5580000)
  from space 43520K, 88% used [0x00000000e5580000,0x00000000e7b20580,0x00000000e8000000)
  to   space 43520K, 0% used [0x00000000e8000000,0x00000000e8000000,0x00000000eaa80000)
 ParOldGen       total 718336K, used 66632K [0x0000000080000000, 0x00000000abd80000, 0x00000000d5580000)
  object space 718336K, 9% used [0x0000000080000000,0x00000000841123a8,0x00000000abd80000)
 Metaspace       used 82679K, capacity 91734K, committed 92120K, reserved 1130496K
  class space    used 10346K, capacity 12520K, committed 12544K, reserved 1048576K

Card table byte_map: [0x0000000011c20000,0x0000000012030000] byte_map_base: 0x0000000011820000

Marking Bits: (ParMarkBitMap*) 0x0000000063df4040
 Begin Bits: [0x0000000012ae0000, 0x0000000014ae0000)
 End Bits:   [0x0000000014ae0000, 0x0000000016ae0000)

Polling page: 0x0000000000720000

CodeCache: size=245760Kb used=21578Kb max_used=21578Kb free=224181Kb
 bounds [0x0000000002860000, 0x0000000003d90000, 0x0000000011860000]
 total_blobs=6975 nmethods=6349 adapters=545
 compilation: enabled

Compilation events (10 events):
Event: 12.359 Thread 0x0000000019935000 7324       3       org.jboss.weld.manager.BeanManagerImpl::getMetaAnnotationStore (16 bytes)
Event: 12.359 Thread 0x0000000019935000 nmethod 7324 0x0000000003d73ed0 code [0x0000000003d74040, 0x0000000003d74368]
Event: 12.359 Thread 0x0000000019935000 7326       3       org.jboss.weld.manager.BeanManagerImpl::flattenInterceptorBindings (88 bytes)
Event: 12.360 Thread 0x0000000019935000 nmethod 7326 0x0000000003d74450 code [0x0000000003d746e0, 0x0000000003d756d8]
Event: 12.360 Thread 0x0000000019935000 7317       3       org.jboss.weld.manager.BeanManagerImpl::extractAndFlattenInterceptorBindings (10 bytes)
Event: 12.360 Thread 0x000000001991f800 nmethod 7076 0x0000000003d77410 code [0x0000000003d779c0, 0x0000000003d7e3d8]
Event: 12.360 Thread 0x0000000019935000 nmethod 7317 0x0000000003d640d0 code [0x0000000003d64240, 0x0000000003d64418]
Event: 12.360 Thread 0x000000001991f800 7312       4       org.jboss.weld.interceptor.util.InterceptionTypeRegistry::getAnnotationClass (13 bytes)
Event: 12.360 Thread 0x0000000019935000 7320       3       org.jboss.weld.interceptor.util.InterceptionUtils::getExcludeClassInterceptorsAnnotationClass (4 bytes)
Event: 12.360 Thread 0x0000000019932000 nmethod 7311 0x0000000003d63410 code [0x0000000003d635a0, 0x0000000003d63bd8]

GC Heap History (10 events):
Event: 6.259 GC heap before
{Heap before GC invocations=10 (full 2):
 PSYoungGen      total 305664K, used 305654K [0x00000000d5580000, 0x00000000eaa80000, 0x0000000100000000)
  eden space 262144K, 100% used [0x00000000d5580000,0x00000000e5580000,0x00000000e5580000)
  from space 43520K, 99% used [0x00000000e5580000,0x00000000e7ffd938,0x00000000e8000000)
  to   space 43520K, 0% used [0x00000000e8000000,0x00000000e8000000,0x00000000eaa80000)
 ParOldGen       total 699392K, used 78182K [0x0000000080000000, 0x00000000aab00000, 0x00000000d5580000)
  object space 699392K, 11% used [0x0000000080000000,0x0000000084c59b38,0x00000000aab00000)
 Metaspace       used 42928K, capacity 47710K, committed 47832K, reserved 1089536K
  class space    used 5415K, capacity 6873K, committed 6912K, reserved 1048576K
Event: 6.283 GC heap after
Heap after GC invocations=10 (full 2):
 PSYoungGen      total 305664K, used 33723K [0x00000000d5580000, 0x00000000eaa80000, 0x0000000100000000)
  eden space 262144K, 0% used [0x00000000d5580000,0x00000000d5580000,0x00000000e5580000)
  from space 43520K, 77% used [0x00000000e8000000,0x00000000ea0eef48,0x00000000eaa80000)
  to   space 43520K, 0% used [0x00000000e5580000,0x00000000e5580000,0x00000000e8000000)
 ParOldGen       total 699392K, used 106107K [0x0000000080000000, 0x00000000aab00000, 0x00000000d5580000)
  object space 699392K, 15% used [0x0000000080000000,0x000000008679ef08,0x00000000aab00000)
 Metaspace       used 42928K, capacity 47710K, committed 47832K, reserved 1089536K
  class space    used 5415K, capacity 6873K, committed 6912K, reserved 1048576K
}
Event: 7.430 GC heap before
{Heap before GC invocations=11 (full 2):
 PSYoungGen      total 305664K, used 295867K [0x00000000d5580000, 0x00000000eaa80000, 0x0000000100000000)
  eden space 262144K, 100% used [0x00000000d5580000,0x00000000e5580000,0x00000000e5580000)
  from space 43520K, 77% used [0x00000000e8000000,0x00000000ea0eef48,0x00000000eaa80000)
  to   space 43520K, 0% used [0x00000000e5580000,0x00000000e5580000,0x00000000e8000000)
 ParOldGen       total 699392K, used 106107K [0x0000000080000000, 0x00000000aab00000, 0x00000000d5580000)
  object space 699392K, 15% used [0x0000000080000000,0x000000008679ef08,0x00000000aab00000)
 Metaspace       used 47650K, capacity 53124K, committed 53208K, reserved 1095680K
  class space    used 5998K, capacity 7609K, committed 7680K, reserved 1048576K
Event: 7.451 GC heap after
Heap after GC invocations=11 (full 2):
 PSYoungGen      total 305664K, used 25876K [0x00000000d5580000, 0x00000000eaa80000, 0x0000000100000000)
  eden space 262144K, 0% used [0x00000000d5580000,0x00000000d5580000,0x00000000e5580000)
  from space 43520K, 59% used [0x00000000e5580000,0x00000000e6ec5210,0x00000000e8000000)
  to   space 43520K, 0% used [0x00000000e8000000,0x00000000e8000000,0x00000000eaa80000)
 ParOldGen       total 699392K, used 112254K [0x0000000080000000, 0x00000000aab00000, 0x00000000d5580000)
  object space 699392K, 16% used [0x0000000080000000,0x0000000086d9f858,0x00000000aab00000)
 Metaspace       used 47650K, capacity 53124K, committed 53208K, reserved 1095680K
  class space    used 5998K, capacity 7609K, committed 7680K, reserved 1048576K
}
Event: 8.035 GC heap before
{Heap before GC invocations=12 (full 2):
 PSYoungGen      total 305664K, used 71602K [0x00000000d5580000, 0x00000000eaa80000, 0x0000000100000000)
  eden space 262144K, 17% used [0x00000000d5580000,0x00000000d8227978,0x00000000e5580000)
  from space 43520K, 59% used [0x00000000e5580000,0x00000000e6ec5210,0x00000000e8000000)
  to   space 43520K, 0% used [0x00000000e8000000,0x00000000e8000000,0x00000000eaa80000)
 ParOldGen       total 699392K, used 112254K [0x0000000080000000, 0x00000000aab00000, 0x00000000d5580000)
  object space 699392K, 16% used [0x0000000080000000,0x0000000086d9f858,0x00000000aab00000)
 Metaspace       used 53002K, capacity 58858K, committed 58968K, reserved 1099776K
  class space    used 6716K, capacity 8501K, committed 8576K, reserved 1048576K
Event: 8.048 GC heap after
Heap after GC invocations=12 (full 2):
 PSYoungGen      total 305664K, used 15360K [0x00000000d5580000, 0x00000000eaa80000, 0x0000000100000000)
  eden space 262144K, 0% used [0x00000000d5580000,0x00000000d5580000,0x00000000e5580000)
  from space 43520K, 35% used [0x00000000e8000000,0x00000000e8f00130,0x00000000eaa80000)
  to   space 43520K, 0% used [0x00000000e5580000,0x00000000e5580000,0x00000000e8000000)
 ParOldGen       total 699392K, used 116698K [0x0000000080000000, 0x00000000aab00000, 0x00000000d5580000)
  object space 699392K, 16% used [0x0000000080000000,0x00000000871f68f0,0x00000000aab00000)
 Metaspace       used 53002K, capacity 58858K, committed 58968K, reserved 1099776K
  class space    used 6716K, capacity 8501K, committed 8576K, reserved 1048576K
}
Event: 8.048 GC heap before
{Heap before GC invocations=13 (full 3):
 PSYoungGen      total 305664K, used 15360K [0x00000000d5580000, 0x00000000eaa80000, 0x0000000100000000)
  eden space 262144K, 0% used [0x00000000d5580000,0x00000000d5580000,0x00000000e5580000)
  from space 43520K, 35% used [0x00000000e8000000,0x00000000e8f00130,0x00000000eaa80000)
  to   space 43520K, 0% used [0x00000000e5580000,0x00000000e5580000,0x00000000e8000000)
 ParOldGen       total 699392K, used 116698K [0x0000000080000000, 0x00000000aab00000, 0x00000000d5580000)
  object space 699392K, 16% used [0x0000000080000000,0x00000000871f68f0,0x00000000aab00000)
 Metaspace       used 53002K, capacity 58858K, committed 58968K, reserved 1099776K
  class space    used 6716K, capacity 8501K, committed 8576K, reserved 1048576K
Event: 8.257 GC heap after
Heap after GC invocations=13 (full 3):
 PSYoungGen      total 305664K, used 0K [0x00000000d5580000, 0x00000000eaa80000, 0x0000000100000000)
  eden space 262144K, 0% used [0x00000000d5580000,0x00000000d5580000,0x00000000e5580000)
  from space 43520K, 0% used [0x00000000e8000000,0x00000000e8000000,0x00000000eaa80000)
  to   space 43520K, 0% used [0x00000000e5580000,0x00000000e5580000,0x00000000e8000000)
 ParOldGen       total 718336K, used 66616K [0x0000000080000000, 0x00000000abd80000, 0x00000000d5580000)
  object space 718336K, 9% used [0x0000000080000000,0x000000008410e3a8,0x00000000abd80000)
 Metaspace       used 53002K, capacity 58858K, committed 58968K, reserved 1099776K
  class space    used 6716K, capacity 8501K, committed 8576K, reserved 1048576K
}
Event: 10.536 GC heap before
{Heap before GC invocations=14 (full 3):
 PSYoungGen      total 305664K, used 262144K [0x00000000d5580000, 0x00000000eaa80000, 0x0000000100000000)
  eden space 262144K, 100% used [0x00000000d5580000,0x00000000e5580000,0x00000000e5580000)
  from space 43520K, 0% used [0x00000000e8000000,0x00000000e8000000,0x00000000eaa80000)
  to   space 43520K, 0% used [0x00000000e5580000,0x00000000e5580000,0x00000000e8000000)
 ParOldGen       total 718336K, used 66616K [0x0000000080000000, 0x00000000abd80000, 0x00000000d5580000)
  object space 718336K, 9% used [0x0000000080000000,0x000000008410e3a8,0x00000000abd80000)
 Metaspace       used 76783K, capacity 85408K, committed 85720K, reserved 1124352K
  class space    used 9574K, capacity 11663K, committed 11776K, reserved 1048576K
Event: 10.567 GC heap after
Heap after GC invocations=14 (full 3):
 PSYoungGen      total 305664K, used 38529K [0x00000000d5580000, 0x00000000eaa80000, 0x0000000100000000)
  eden space 262144K, 0% used [0x00000000d5580000,0x00000000d5580000,0x00000000e5580000)
  from space 43520K, 88% used [0x00000000e5580000,0x00000000e7b20580,0x00000000e8000000)
  to   space 43520K, 0% used [0x00000000e8000000,0x00000000e8000000,0x00000000eaa80000)
 ParOldGen       total 718336K, used 66632K [0x0000000080000000, 0x00000000abd80000, 0x00000000d5580000)
  object space 718336K, 9% used [0x0000000080000000,0x00000000841123a8,0x00000000abd80000)
 Metaspace       used 76783K, capacity 85408K, committed 85720K, reserved 1124352K
  class space    used 9574K, capacity 11663K, committed 11776K, reserved 1048576K
}

Deoptimization events (10 events):
Event: 12.343 Thread 0x0000000019937800 Uncommon trap: reason=unhandled action=none pc=0x00000000037451c8 method=javassist.bytecode.ClassFile.testExistingMethod(Ljavassist/bytecode/MethodInfo;)V @ 89
Event: 12.343 Thread 0x0000000019937800 Uncommon trap: reason=unhandled action=none pc=0x00000000037451c8 method=javassist.bytecode.ClassFile.testExistingMethod(Ljavassist/bytecode/MethodInfo;)V @ 89
Event: 12.343 Thread 0x0000000019937800 Uncommon trap: reason=unhandled action=none pc=0x00000000037451c8 method=javassist.bytecode.ClassFile.testExistingMethod(Ljavassist/bytecode/MethodInfo;)V @ 89
Event: 12.343 Thread 0x0000000019937800 Uncommon trap: reason=unhandled action=none pc=0x00000000037451c8 method=javassist.bytecode.ClassFile.testExistingMethod(Ljavassist/bytecode/MethodInfo;)V @ 89
Event: 12.344 Thread 0x0000000019937800 Uncommon trap: reason=unhandled action=none pc=0x00000000037451c8 method=javassist.bytecode.ClassFile.testExistingMethod(Ljavassist/bytecode/MethodInfo;)V @ 89
Event: 12.344 Thread 0x0000000019937800 Uncommon trap: reason=unhandled action=none pc=0x00000000037451c8 method=javassist.bytecode.ClassFile.testExistingMethod(Ljavassist/bytecode/MethodInfo;)V @ 89
Event: 12.344 Thread 0x0000000019937800 Uncommon trap: reason=unhandled action=none pc=0x00000000037451c8 method=javassist.bytecode.ClassFile.testExistingMethod(Ljavassist/bytecode/MethodInfo;)V @ 89
Event: 12.344 Thread 0x0000000019937800 Uncommon trap: reason=unhandled action=none pc=0x00000000037451c8 method=javassist.bytecode.ClassFile.testExistingMethod(Ljavassist/bytecode/MethodInfo;)V @ 89
Event: 12.347 Thread 0x0000000019937800 Uncommon trap: reason=bimorphic action=maybe_recompile pc=0x0000000003bd5710 method=java.util.AbstractMap.equals(Ljava/lang/Object;)Z @ 22
Event: 12.353 Thread 0x0000000019937800 Uncommon trap: reason=class_check action=maybe_recompile pc=0x0000000003bdce84 method=org.jboss.weld.util.reflection.Reflections$TypeHolder.wrap(Ljava/lang/reflect/Type;)Lorg/jboss/weld/util/reflection/Reflections$TypeHolder; @ 8

Internal exceptions (10 events):
Event: 12.224 Thread 0x0000000019937800 Exception <a 'java/lang/ArrayIndexOutOfBoundsException': 53> (0x00000000dc3e5748) thrown at [C:\re\workspace\8-2-build-windows-amd64-cygwin\jdk8u45\3627\hotspot\src\share\vm\interpreter\interpreterRuntime.cpp, line 366]
Event: 12.225 Thread 0x0000000019937800 Exception <a 'java/lang/ArrayIndexOutOfBoundsException': 56> (0x00000000dc3ee380) thrown at [C:\re\workspace\8-2-build-windows-amd64-cygwin\jdk8u45\3627\hotspot\src\share\vm\interpreter\interpreterRuntime.cpp, line 366]
Event: 12.225 Thread 0x0000000019937800 Exception <a 'java/lang/ArrayIndexOutOfBoundsException': 53> (0x00000000dc3f9d40) thrown at [C:\re\workspace\8-2-build-windows-amd64-cygwin\jdk8u45\3627\hotspot\src\share\vm\interpreter\interpreterRuntime.cpp, line 366]
Event: 12.226 Thread 0x0000000019937800 Exception <a 'java/lang/ArrayIndexOutOfBoundsException': 56> (0x00000000dc3ff300) thrown at [C:\re\workspace\8-2-build-windows-amd64-cygwin\jdk8u45\3627\hotspot\src\share\vm\interpreter\interpreterRuntime.cpp, line 366]
Event: 12.229 Thread 0x0000000019937800 Exception <a 'java/lang/ArrayIndexOutOfBoundsException': 61> (0x00000000dc413910) thrown at [C:\re\workspace\8-2-build-windows-amd64-cygwin\jdk8u45\3627\hotspot\src\share\vm\interpreter\interpreterRuntime.cpp, line 366]
Event: 12.229 Thread 0x0000000019937800 Exception <a 'java/lang/ArrayIndexOutOfBoundsException': 60> (0x00000000dc414b20) thrown at [C:\re\workspace\8-2-build-windows-amd64-cygwin\jdk8u45\3627\hotspot\src\share\vm\interpreter\interpreterRuntime.cpp, line 366]
Event: 12.231 Thread 0x0000000019937800 Exception <a 'java/lang/ArrayIndexOutOfBoundsException': 67> (0x00000000dc41f138) thrown at [C:\re\workspace\8-2-build-windows-amd64-cygwin\jdk8u45\3627\hotspot\src\share\vm\interpreter\interpreterRuntime.cpp, line 366]
Event: 12.231 Thread 0x0000000019937800 Exception <a 'java/lang/ArrayIndexOutOfBoundsException': 106> (0x00000000dc420948) thrown at [C:\re\workspace\8-2-build-windows-amd64-cygwin\jdk8u45\3627\hotspot\src\share\vm\interpreter\interpreterRuntime.cpp, line 366]
Event: 12.267 Thread 0x0000000019937800 Exception <a 'java/lang/ArrayIndexOutOfBoundsException': 61> (0x00000000dc811c18) thrown at [C:\re\workspace\8-2-build-windows-amd64-cygwin\jdk8u45\3627\hotspot\src\share\vm\interpreter\interpreterRuntime.cpp, line 366]
Event: 12.267 Thread 0x0000000019937800 Exception <a 'java/lang/ArrayIndexOutOfBoundsException': 108> (0x00000000dc813400) thrown at [C:\re\workspace\8-2-build-windows-amd64-cygwin\jdk8u45\3627\hotspot\src\share\vm\interpreter\interpreterRuntime.cpp, line 366]

Events (10 events):
Event: 12.347 Thread 0x0000000019937800 DEOPT UNPACKING pc=0x00000000028a787f sp=0x000000001d61e5d0 mode 1
Event: 12.347 Thread 0x0000000019937800 DEOPT PACKING pc=0x0000000003becf4c sp=0x000000001d61e8a0
Event: 12.347 Thread 0x0000000019937800 DEOPT UNPACKING pc=0x00000000028a787f sp=0x000000001d61e5d0 mode 1
Event: 12.347 Thread 0x0000000019937800 DEOPT PACKING pc=0x0000000003becf4c sp=0x000000001d61e810
Event: 12.347 Thread 0x0000000019937800 DEOPT UNPACKING pc=0x00000000028a787f sp=0x000000001d61e540 mode 1
Event: 12.347 Thread 0x0000000019937800 DEOPT PACKING pc=0x0000000003becf4c sp=0x000000001d61e8a0
Event: 12.347 Thread 0x0000000019937800 DEOPT UNPACKING pc=0x00000000028a787f sp=0x000000001d61e5d0 mode 1
Event: 12.353 Thread 0x0000000019937800 Uncommon trap: trap_request=0xffffffde fr.pc=0x0000000003bdce84
Event: 12.353 Thread 0x0000000019937800 DEOPT PACKING pc=0x0000000003bdce84 sp=0x000000001d61ec30
Event: 12.353 Thread 0x0000000019937800 DEOPT UNPACKING pc=0x00000000028a582a sp=0x000000001d61ec30 mode 2


Dynamic libraries:
0x00007ff7db5e0000 - 0x00007ff7db617000 	C:\Program Files\Java\jdk1.8.0_45\bin\javaw.exe
0x00007ff9203c0000 - 0x00007ff9205a1000 	C:\WINDOWS\SYSTEM32\ntdll.dll
0x00007ff91dbf0000 - 0x00007ff91dca2000 	C:\WINDOWS\System32\KERNEL32.DLL
0x00007ff91cad0000 - 0x00007ff91cd43000 	C:\WINDOWS\System32\KERNELBASE.dll
0x00007ff91ed10000 - 0x00007ff91edb1000 	C:\WINDOWS\System32\ADVAPI32.dll
0x00007ff91e270000 - 0x00007ff91e30e000 	C:\WINDOWS\System32\msvcrt.dll
0x00007ff91e630000 - 0x00007ff91e68b000 	C:\WINDOWS\System32\sechost.dll
0x00007ff91d850000 - 0x00007ff91d974000 	C:\WINDOWS\System32\RPCRT4.dll
0x00007ff91dfe0000 - 0x00007ff91e170000 	C:\WINDOWS\System32\USER32.dll
0x00007ff91d7b0000 - 0x00007ff91d7d0000 	C:\WINDOWS\System32\win32u.dll
0x00007ff91ece0000 - 0x00007ff91ed08000 	C:\WINDOWS\System32\GDI32.dll
0x00007ff91cdf0000 - 0x00007ff91cf82000 	C:\WINDOWS\System32\gdi32full.dll
0x00007ff91cd50000 - 0x00007ff91cdef000 	C:\WINDOWS\System32\msvcp_win.dll
0x00007ff91c980000 - 0x00007ff91ca7a000 	C:\WINDOWS\System32\ucrtbase.dll
0x00007ff907b10000 - 0x00007ff907d79000 	C:\WINDOWS\WinSxS\amd64_microsoft.windows.common-controls_6595b64144ccf1df_6.0.17134.48_none_b4b2216a3cb4dd3e\COMCTL32.dll
0x00007ff91dcb0000 - 0x00007ff91dfd3000 	C:\WINDOWS\System32\combase.dll
0x00007ff91d7d0000 - 0x00007ff91d84a000 	C:\WINDOWS\System32\bcryptPrimitives.dll
0x00007ff91e1d0000 - 0x00007ff91e1fd000 	C:\WINDOWS\System32\IMM32.DLL
0x0000000064190000 - 0x0000000064262000 	C:\Program Files\Java\jdk1.8.0_45\jre\bin\msvcr100.dll
0x00000000635f0000 - 0x0000000063e73000 	C:\Program Files\Java\jdk1.8.0_45\jre\bin\server\jvm.dll
0x00007ff91edc0000 - 0x00007ff91edc8000 	C:\WINDOWS\System32\PSAPI.DLL
0x00007ff905730000 - 0x00007ff905739000 	C:\WINDOWS\SYSTEM32\WSOCK32.dll
0x00007ff918110000 - 0x00007ff918133000 	C:\WINDOWS\SYSTEM32\WINMM.dll
0x00007ff907dc0000 - 0x00007ff907dca000 	C:\WINDOWS\SYSTEM32\VERSION.dll
0x00007ff91e200000 - 0x00007ff91e26c000 	C:\WINDOWS\System32\WS2_32.dll
0x00007ff9180e0000 - 0x00007ff91810a000 	C:\WINDOWS\SYSTEM32\winmmbase.dll
0x00007ff91ca80000 - 0x00007ff91cac9000 	C:\WINDOWS\System32\cfgmgr32.dll
0x0000000064320000 - 0x000000006432f000 	C:\Program Files\Java\jdk1.8.0_45\jre\bin\verify.dll
0x00000000642f0000 - 0x0000000064319000 	C:\Program Files\Java\jdk1.8.0_45\jre\bin\java.dll
0x00000000648c0000 - 0x00000000648f5000 	C:\Program Files\Java\jdk1.8.0_45\jre\bin\jdwp.dll
0x00000000648b0000 - 0x00000000648b8000 	C:\Program Files\Java\jdk1.8.0_45\jre\bin\npt.dll
0x00000000635d0000 - 0x00000000635e6000 	C:\Program Files\Java\jdk1.8.0_45\jre\bin\zip.dll
0x00007ff91ee30000 - 0x00007ff920270000 	C:\WINDOWS\System32\SHELL32.dll
0x00007ff9202d0000 - 0x00007ff920379000 	C:\WINDOWS\System32\shcore.dll
0x00007ff91cff0000 - 0x00007ff91d6fd000 	C:\WINDOWS\System32\windows.storage.dll
0x00007ff91e170000 - 0x00007ff91e1c1000 	C:\WINDOWS\System32\shlwapi.dll
0x00007ff91c770000 - 0x00007ff91c781000 	C:\WINDOWS\System32\kernel.appcore.dll
0x00007ff91c700000 - 0x00007ff91c71f000 	C:\WINDOWS\System32\profapi.dll
0x00007ff91c720000 - 0x00007ff91c76c000 	C:\WINDOWS\System32\powrprof.dll
0x00007ff91c6f0000 - 0x00007ff91c6fa000 	C:\WINDOWS\System32\FLTLIB.DLL
0x00000000648a0000 - 0x00000000648a9000 	C:\Program Files\Java\jdk1.8.0_45\jre\bin\dt_socket.dll
0x00007ff9057e0000 - 0x00007ff9057f6000 	C:\WINDOWS\system32\napinsp.dll
0x00007ff9057c0000 - 0x00007ff9057da000 	C:\WINDOWS\system32\pnrpnsp.dll
0x00007ff9193b0000 - 0x00007ff9193c9000 	C:\WINDOWS\system32\NLAapi.dll
0x00007ff91bef0000 - 0x00007ff91bf56000 	C:\WINDOWS\System32\mswsock.dll
0x00007ff91bcb0000 - 0x00007ff91bd6e000 	C:\WINDOWS\SYSTEM32\DNSAPI.dll
0x00007ff91d980000 - 0x00007ff91d988000 	C:\WINDOWS\System32\NSI.dll
0x00007ff91bc70000 - 0x00007ff91bca8000 	C:\WINDOWS\SYSTEM32\IPHLPAPI.DLL
0x00007ff905330000 - 0x00007ff90533e000 	C:\WINDOWS\System32\winrnr.dll
0x00007ff913270000 - 0x00007ff9132e2000 	C:\WINDOWS\System32\fwpuclnt.dll
0x00007ff91c230000 - 0x00007ff91c255000 	C:\WINDOWS\SYSTEM32\bcrypt.dll
0x00007ff90fdf0000 - 0x00007ff90fdfa000 	C:\Windows\System32\rasadhlp.dll
0x0000000062c80000 - 0x0000000062c8d000 	C:\Program Files\Java\jdk1.8.0_45\jre\bin\management.dll
0x00000000635b0000 - 0x00000000635ca000 	C:\Program Files\Java\jdk1.8.0_45\jre\bin\net.dll
0x0000000063590000 - 0x00000000635a1000 	C:\Program Files\Java\jdk1.8.0_45\jre\bin\nio.dll
0x00007ff91c0a0000 - 0x00007ff91c0b7000 	C:\WINDOWS\SYSTEM32\CRYPTSP.dll
0x00007ff91bad0000 - 0x00007ff91bb03000 	C:\WINDOWS\system32\rsaenh.dll
0x00007ff91c5d0000 - 0x00007ff91c5f8000 	C:\WINDOWS\SYSTEM32\USERENV.dll
0x00007ff91c0c0000 - 0x00007ff91c0cb000 	C:\WINDOWS\SYSTEM32\CRYPTBASE.dll
0x00007ff9178d0000 - 0x00007ff9178e6000 	C:\WINDOWS\SYSTEM32\dhcpcsvc6.DLL
0x00007ff9177c0000 - 0x00007ff9177da000 	C:\WINDOWS\SYSTEM32\dhcpcsvc.DLL
0x00000000633c0000 - 0x00000000633e4000 	C:\Program Files\Java\jdk1.8.0_45\jre\bin\sunec.dll
0x0000000064270000 - 0x000000006427b000 	C:\Program Files\Java\jdk1.8.0_45\jre\bin\sunmscapi.dll
0x00007ff91c790000 - 0x00007ff91c972000 	C:\WINDOWS\System32\CRYPT32.dll
0x00007ff91c6d0000 - 0x00007ff91c6e2000 	C:\WINDOWS\System32\MSASN1.dll
0x00007ff90efb0000 - 0x00007ff90f179000 	C:\WINDOWS\SYSTEM32\dbghelp.dll

VM Arguments:
jvm_args: -agentlib:jdwp=transport=dt_socket,suspend=y,address=localhost:51789 -Dprogram.name=JBossTools: JBoss Enterprise Application Platform 6.1+ -Xms1024m -Xmx2048m -Dorg.jboss.resolver.warning=true -Djava.net.preferIPv4Stack=true -Dsun.rmi.dgc.client.gcInterval=3600000 -Dsun.rmi.dgc.server.gcInterval=3600000 -Djboss.modules.system.pkgs=org.jboss.byteman -Djava.awt.headless=true -Dorg.jboss.boot.log.file=D:/IDE_CODE/IDE/IDE/Server/server chuong trinh/standalone/log/boot.log -Dlogging.configuration=file:/D:/IDE_CODE/IDE/IDE/Server/server%20chuong%20trinh/standalone/configuration/logging.properties -Djboss.home.dir=D:/IDE_CODE/IDE/IDE/Server/server chuong trinh -Dorg.jboss.logmanager.nocolor=true -Djboss.bind.address.management=localhost -Dfile.encoding=Cp1252 
java_command: org.jboss.modules.Main -mp D:/IDE_CODE/IDE/IDE/Server/server chuong trinh/modules -jaxpmodule javax.xml.jaxp-provider org.jboss.as.standalone -b localhost --server-config=standalone.xml -Djboss.server.base.dir=D:\IDE_CODE\IDE\IDE\Server\server chuong trinh\standalone
java_class_path (initial): D:\IDE_CODE\IDE\IDE\Server\server chuong trinh\jboss-modules.jar
Launcher Type: SUN_STANDARD

Environment Variables:
JAVA_HOME=C:\Program Files\Java\jdk1.8.0_45
PATH=C:\Program Files\Java\jdk1.8.0_45\jre\bin;native;C:/Program Files/Java/jdk1.8.0_45/bin/../jre/bin/server;C:/Program Files/Java/jdk1.8.0_45/bin/../jre/bin;C:/Program Files/Java/jdk1.8.0_45/bin/../jre/lib/amd64;C:\Program Files\Java\jdk1.8.0_45\bin;C:\ProgramData\Oracle\Java\javapath;C:\Program Files (x86)\Intel\iCLS Client\;C:\Program Files\Intel\iCLS Client\;C:\WINDOWS\system32;C:\WINDOWS;C:\WINDOWS\System32\Wbem;C:\WINDOWS\System32\WindowsPowerShell\v1.0\;C:\Program Files\Intel\Intel(R) Management Engine Components\DAL;C:\Program Files (x86)\Intel\Intel(R) Management Engine Components\DAL;C:\Program Files\Intel\Intel(R) Management Engine Components\IPT;C:\Program Files (x86)\Intel\Intel(R) Management Engine Components\IPT;C:\WINDOWS\system32;C:\WINDOWS;C:\WINDOWS\System32\Wbem;C:\WINDOWS\System32\WindowsPowerShell\v1.0\;E:\Repositories\bin;C:\Program Files\Microsoft SQL Server\Client SDK\ODBC\110\Tools\Binn\;C:\Program Files (x86)\Microsoft SQL Server\120\Tools\Binn\;C:\Program Files\Microsoft SQL Server\120\Tools\Binn\;C:\Program Files\Microsoft SQL Server\120\DTS\Binn\;C:\Program Files (x86)\Microsoft SQL Server\120\Tools\Binn\ManagementStudio\;C:\Program Files (x86)\Microsoft SQL Server\120\DTS\Binn\;C:\WINDOWS\System32\OpenSSH\;C:\Windows\system32;%USERPROFILE%\AppData\Local\Microsoft\WindowsApps;;D:\IDE_CODE\IDE\IDE\eclipse_tong hop;
USERNAME=vantrong
OS=Windows_NT
PROCESSOR_IDENTIFIER=Intel64 Family 6 Model 60 Stepping 3, GenuineIntel



---------------  S Y S T E M  ---------------

OS: Windows 10.0 , 64 bit Build 17134 (10.0.17134.1)

CPU:total 8 (4 cores per cpu, 2 threads per core) family 6 model 60 stepping 3, cmov, cx8, fxsr, mmx, sse, sse2, sse3, ssse3, sse4.1, sse4.2, popcnt, avx, avx2, aes, clmul, erms, lzcnt, ht, tsc, tscinvbit, bmi1, bmi2

Memory: 4k page, physical 16675136k(8987468k free), swap 31218584k(5136k free)

vm_info: Java HotSpot(TM) 64-Bit Server VM (25.45-b02) for windows-amd64 JRE (1.8.0_45-b15), built on Apr 30 2015 12:40:44 by "java_re" with MS VC++ 10.0 (VS2010)

time: Fri Jun 01 13:31:36 2018
elapsed time: 12 seconds (0d 0h 0m 12s)

