#
# A fatal error has been detected by the Java Runtime Environment:
#
#  EXCEPTION_ACCESS_VIOLATION (0xc0000005) at pc=0x0000000000000000, pid=4772, tid=620
#
# JRE version: Java(TM) SE Runtime Environment (8.0_45-b15) (build 1.8.0_45-b15)
# Java VM: Java HotSpot(TM) 64-Bit Server VM (25.45-b02 mixed mode windows-amd64 compressed oops)
# Problematic frame:
# C  0x0000000000000000
#
# Failed to write core dump. Minidumps are not enabled by default on client versions of Windows
#
# If you would like to submit a bug report, please visit:
#   http://bugreport.java.com/bugreport/crash.jsp
#

---------------  T H R E A D  ---------------

Current thread (0x0000000017124800):  JavaThread "JDWP Transport Listener: dt_socket" daemon [_thread_in_vm, id=620, stack(0x00000000179f0000,0x0000000017af0000)]

siginfo: ExceptionCode=0xc0000005, ExceptionInformation=0x0000000000000008 0x0000000000000000

Registers:
RAX=0x0000000017aef401, RBX=0x00000000195315d0, RCX=0x00000000195315d0, RDX=0x000000002f70b9d8
RSP=0x0000000017aef3e8, RBP=0x00000000185c7358, RSI=0x0000000017aef508, RDI=0x000000000246bba0
R8 =0x0000000017124800, R9 =0x0000000000008000, R10=0x0000000000000000, R11=0x000000002871af17
R12=0x0000000000000000, R13=0x000000001711f318, R14=0x0000000000000000, R15=0x0000000000000000
RIP=0x0000000000000000, EFLAGS=0x0000000000010216

Top of Stack: (sp=0x0000000017aef3e8)
0x0000000017aef3e8:   000000006a4f82cc 0000000017124800
0x0000000017aef3f8:   0000000017124800 0000000017aef4b8
0x0000000017aef408:   000000006a6fc7db 0000000017124800
0x0000000017aef418:   000000006a71903d 0000000000000000
0x0000000017aef428:   000000006b9c9155 00000000195315d8
0x0000000017aef438:   000000006b9d291e 0000000017124800
0x0000000017aef448:   0000000000000000 0000000000000000
0x0000000017aef458:   0000000000000000 00000000185c7358
0x0000000017aef468:   000000006b9d1a15 0000000017aef508
0x0000000017aef478:   0000000017aef4e0 0000000000000001
0x0000000017aef488:   00000000195315d8 00000000185c7358
0x0000000017aef498:   000000006b9b53b3 0000000017aef5d0
0x0000000017aef4a8:   0000000000000001 0000000000000001
0x0000000017aef4b8:   00000000195315d8 0000000000000001
0x0000000017aef4c8:   0000000000000000 0000000000000000
0x0000000017aef4d8:   0000000000000000 0000000000000001 

Instructions: (pc=0x0000000000000000)
0xffffffffffffffe0:   


Register to memory mapping:

RAX=0x0000000017aef401 is pointing into the stack for thread: 0x0000000017124800
RBX=0x00000000195315d0 is an unknown value
RCX=0x00000000195315d0 is an unknown value
RDX={method} {0x000000002f70b9e0} 'getLogger' '()Lorg/jboss/logging/Logger;' in 'com/lamquanvu/bean/invenavailable/InvenAvailableBean'
RSP=0x0000000017aef3e8 is pointing into the stack for thread: 0x0000000017124800
RBP=0x00000000185c7358 is an unknown value
RSI=0x0000000017aef508 is pointing into the stack for thread: 0x0000000017124800
RDI=0x000000000246bba0 is an unknown value
R8 =0x0000000017124800 is a thread
R9 =0x0000000000008000 is an unknown value
R10=0x0000000000000000 is an unknown value
R11=0x000000002871af17 is an unknown value
R12=0x0000000000000000 is an unknown value
R13=0x000000001711f318 is an unknown value
R14=0x0000000000000000 is an unknown value
R15=0x0000000000000000 is an unknown value


Stack: [0x00000000179f0000,0x0000000017af0000],  sp=0x0000000017aef3e8,  free space=1020k
Native frames: (J=compiled Java code, j=interpreted, Vv=VM code, C=native code)


---------------  P R O C E S S  ---------------

Java Threads: ( => current thread )
  0x0000000019039000 JavaThread "http-localhost/127.0.0.1:8180-6" daemon [_thread_blocked, id=2000, stack(0x0000000032c30000,0x0000000032d30000)]
  0x0000000022455000 JavaThread "http-localhost/127.0.0.1:8180-5" daemon [_thread_blocked, id=5648, stack(0x0000000032b30000,0x0000000032c30000)]
  0x0000000022372000 JavaThread "http-localhost/127.0.0.1:8180-4" daemon [_thread_blocked, id=5332, stack(0x0000000032a30000,0x0000000032b30000)]
  0x0000000022375000 JavaThread "http-localhost/127.0.0.1:8180-3" daemon [_thread_blocked, id=5124, stack(0x000000001b7c0000,0x000000001b8c0000)]
  0x0000000022374800 JavaThread "http-localhost/127.0.0.1:8180-2" daemon [_thread_blocked, id=3136, stack(0x000000001b6c0000,0x000000001b7c0000)]
  0x0000000022373800 JavaThread "Mojarra-WebResourceMonitor-1-thread-1" daemon [_thread_blocked, id=664, stack(0x0000000025880000,0x0000000025980000)]
  0x0000000023c4c800 JavaThread "ClassLoader Thread" daemon [_thread_blocked, id=5308, stack(0x0000000021d70000,0x0000000021e70000)]
  0x0000000023c49000 JavaThread "Remoting "ittrong:MANAGEMENT" task-4" [_thread_blocked, id=3300, stack(0x0000000027570000,0x0000000027670000)]
  0x0000000023c49800 JavaThread "Remoting "ittrong:MANAGEMENT" task-3" [_thread_blocked, id=5504, stack(0x0000000027470000,0x0000000027570000)]
  0x0000000023c46000 JavaThread "Remoting "ittrong:MANAGEMENT" task-2" [_thread_blocked, id=5268, stack(0x0000000027370000,0x0000000027470000)]
  0x0000000023c46800 JavaThread "Remoting "ittrong:MANAGEMENT" task-1" [_thread_blocked, id=6344, stack(0x0000000024e30000,0x0000000024f30000)]
  0x0000000023c42000 JavaThread "http-localhost/127.0.0.1:8180-1" daemon [_thread_blocked, id=2040, stack(0x0000000027070000,0x0000000027170000)]
  0x0000000023c43800 JavaThread "Thread-71" [_thread_in_native, id=2776, stack(0x0000000021c70000,0x0000000021d70000)]
  0x0000000023c45000 JavaThread "server-timer" daemon [_thread_blocked, id=6428, stack(0x000000001fad0000,0x000000001fbd0000)]
  0x0000000023c41800 JavaThread "Transaction Reaper Worker 0" daemon [_thread_blocked, id=6872, stack(0x0000000025da0000,0x0000000025ea0000)]
  0x0000000023c43000 JavaThread "Transaction Reaper" daemon [_thread_blocked, id=2856, stack(0x0000000025ca0000,0x0000000025da0000)]
  0x0000000023c44800 JavaThread "Periodic Recovery" [_thread_blocked, id=6880, stack(0x00000000259a0000,0x0000000025aa0000)]
  0x000000001f4a3000 JavaThread "http-localhost/127.0.0.1:8180-Acceptor-0" daemon [_thread_in_native, id=7152, stack(0x0000000025580000,0x0000000025680000)]
  0x000000001f4a5800 JavaThread "http-localhost/127.0.0.1:8180-Poller" daemon [_thread_blocked, id=3964, stack(0x0000000025480000,0x0000000025580000)]
  0x000000001f4a4800 JavaThread "Timer-0" [_thread_blocked, id=4260, stack(0x0000000025380000,0x0000000025480000)]
  0x000000001f49f800 JavaThread "Transaction Expired Entry Monitor" daemon [_thread_blocked, id=3804, stack(0x0000000024600000,0x0000000024700000)]
  0x000000001f4a2800 JavaThread "ContainerBackgroundProcessor[StandardEngine[jboss.web]]" daemon [_thread_blocked, id=6940, stack(0x0000000024d30000,0x0000000024e30000)]
  0x000000001f49e800 JavaThread "Remoting "ittrong" write-1" [_thread_in_native, id=1332, stack(0x0000000024c30000,0x0000000024d30000)]
  0x000000001f4a1000 JavaThread "Remoting "ittrong" read-1" [_thread_in_native, id=1488, stack(0x0000000024b30000,0x0000000024c30000)]
  0x000000001f4a1800 JavaThread "Remoting "ittrong:MANAGEMENT" write-1" [_thread_in_native, id=5444, stack(0x0000000024830000,0x0000000024930000)]
  0x000000001f4a0000 JavaThread "Remoting "ittrong:MANAGEMENT" read-1" [_thread_in_native, id=7004, stack(0x0000000024730000,0x0000000024830000)]
  0x000000001f49b800 JavaThread "Abandoned connection cleanup thread" daemon [_thread_blocked, id=2500, stack(0x00000000232b0000,0x00000000233b0000)]
  0x000000001f49b000 JavaThread "ConnectionValidator" daemon [_thread_blocked, id=6776, stack(0x0000000020070000,0x0000000020170000)]
  0x000000001f49e000 JavaThread "IdleRemover" daemon [_thread_blocked, id=6904, stack(0x000000001fc30000,0x000000001fd30000)]
  0x000000001d780000 JavaThread "DeploymentScanner-threads - 2" [_thread_blocked, id=2400, stack(0x000000001fd70000,0x000000001fe70000)]
  0x000000001d781800 JavaThread "DeploymentScanner-threads - 1" [_thread_blocked, id=2796, stack(0x000000001bdd0000,0x000000001bed0000)]
  0x000000001903a800 JavaThread "DestroyJavaVM" [_thread_blocked, id=4044, stack(0x0000000002360000,0x0000000002460000)]
  0x0000000019034800 JavaThread "MSC service thread 1-16" [_thread_blocked, id=6744, stack(0x000000001b3c0000,0x000000001b4c0000)]
  0x0000000019037800 JavaThread "MSC service thread 1-15" [_thread_blocked, id=3572, stack(0x000000001b2c0000,0x000000001b3c0000)]
  0x0000000019034000 JavaThread "MSC service thread 1-14" [_thread_blocked, id=6760, stack(0x000000001b1c0000,0x000000001b2c0000)]
  0x0000000019037000 JavaThread "MSC service thread 1-13" [_thread_blocked, id=6544, stack(0x000000001b0c0000,0x000000001b1c0000)]
  0x0000000019035800 JavaThread "MSC service thread 1-12" [_thread_blocked, id=6236, stack(0x000000001afc0000,0x000000001b0c0000)]
  0x0000000019036000 JavaThread "MSC service thread 1-11" [_thread_blocked, id=5752, stack(0x000000001aec0000,0x000000001afc0000)]
  0x000000001901d800 JavaThread "MSC service thread 1-10" [_thread_blocked, id=6932, stack(0x000000001adc0000,0x000000001aec0000)]
  0x000000001901b000 JavaThread "MSC service thread 1-9" [_thread_blocked, id=3548, stack(0x000000001acc0000,0x000000001adc0000)]
  0x0000000019004800 JavaThread "MSC service thread 1-8" [_thread_blocked, id=4416, stack(0x000000001abc0000,0x000000001acc0000)]
  0x000000001919e800 JavaThread "MSC service thread 1-7" [_thread_blocked, id=5460, stack(0x000000001aac0000,0x000000001abc0000)]
  0x000000001919b800 JavaThread "MSC service thread 1-6" [_thread_blocked, id=5112, stack(0x000000001a9c0000,0x000000001aac0000)]
  0x0000000019190800 JavaThread "MSC service thread 1-5" [_thread_blocked, id=6468, stack(0x000000001a8c0000,0x000000001a9c0000)]
  0x000000001918e800 JavaThread "MSC service thread 1-4" [_thread_blocked, id=6580, stack(0x000000001a6c0000,0x000000001a7c0000)]
  0x0000000019117800 JavaThread "MSC service thread 1-3" [_thread_blocked, id=3816, stack(0x000000001a5c0000,0x000000001a6c0000)]
  0x000000001913c800 JavaThread "MSC service thread 1-2" [_thread_blocked, id=7132, stack(0x000000001a4c0000,0x000000001a5c0000)]
  0x000000001913c000 JavaThread "MSC service thread 1-1" [_thread_blocked, id=2172, stack(0x000000001a3c0000,0x000000001a4c0000)]
  0x0000000017300800 JavaThread "Reference Reaper" daemon [_thread_blocked, id=2636, stack(0x00000000182f0000,0x00000000183f0000)]
  0x00000000171de800 JavaThread "Service Thread" daemon [_thread_blocked, id=5780, stack(0x00000000180f0000,0x00000000181f0000)]
  0x000000001714e000 JavaThread "C1 CompilerThread3" daemon [_thread_blocked, id=5812, stack(0x0000000017ff0000,0x00000000180f0000)]
  0x000000001714d800 JavaThread "C2 CompilerThread2" daemon [_thread_blocked, id=3568, stack(0x0000000017ef0000,0x0000000017ff0000)]
  0x000000001714a800 JavaThread "C2 CompilerThread1" daemon [_thread_blocked, id=4564, stack(0x0000000017df0000,0x0000000017ef0000)]
  0x0000000017142000 JavaThread "C2 CompilerThread0" daemon [_thread_blocked, id=6684, stack(0x0000000017cf0000,0x0000000017df0000)]
  0x0000000017136000 JavaThread "JDWP Command Reader" daemon [_thread_in_native, id=4048, stack(0x0000000017bf0000,0x0000000017cf0000)]
  0x0000000017132000 JavaThread "JDWP Event Helper Thread" daemon [_thread_blocked, id=3236, stack(0x0000000017af0000,0x0000000017bf0000)]
=>0x0000000017124800 JavaThread "JDWP Transport Listener: dt_socket" daemon [_thread_in_vm, id=620, stack(0x00000000179f0000,0x0000000017af0000)]
  0x0000000017116000 JavaThread "Attach Listener" daemon [_thread_blocked, id=5148, stack(0x00000000175f0000,0x00000000176f0000)]
  0x0000000017115000 JavaThread "Signal Dispatcher" daemon [_thread_blocked, id=6500, stack(0x00000000174f0000,0x00000000175f0000)]
  0x00000000025ca800 JavaThread "Finalizer" daemon [_thread_blocked, id=2064, stack(0x0000000016fe0000,0x00000000170e0000)]
  0x000000001510c800 JavaThread "Reference Handler" daemon [_thread_blocked, id=6164, stack(0x0000000016ee0000,0x0000000016fe0000)]

Other Threads:
  0x0000000015108800 VMThread [stack: 0x0000000016de0000,0x0000000016ee0000] [id=6888]
  0x00000000171df000 WatcherThread [stack: 0x00000000181f0000,0x00000000182f0000] [id=6032]

VM state:not at safepoint (normal execution)

VM Mutex/Monitor currently owned by a thread: None

Heap:
 PSYoungGen      total 251392K, used 66093K [0x00000000eab00000, 0x0000000100000000, 0x0000000100000000)
  eden space 147456K, 40% used [0x00000000eab00000,0x00000000ee5ed348,0x00000000f3b00000)
  from space 103936K, 5% used [0x00000000f9a80000,0x00000000fa01e1f8,0x0000000100000000)
  to   space 97792K, 0% used [0x00000000f3b00000,0x00000000f3b00000,0x00000000f9a80000)
 ParOldGen       total 699392K, used 240084K [0x00000000c0000000, 0x00000000eab00000, 0x00000000eab00000)
  object space 699392K, 34% used [0x00000000c0000000,0x00000000cea75018,0x00000000eab00000)
 Metaspace       used 104492K, capacity 112492K, committed 114392K, reserved 1146880K
  class space    used 13251K, capacity 15518K, committed 16128K, reserved 1048576K

Card table byte_map: [0x0000000011990000,0x0000000011ba0000] byte_map_base: 0x0000000011390000

Marking Bits: (ParMarkBitMap*) 0x000000006abd4040
 Begin Bits: [0x0000000012500000, 0x0000000013500000)
 End Bits:   [0x0000000013500000, 0x0000000014500000)

Polling page: 0x0000000002470000

CodeCache: size=245760Kb used=42672Kb max_used=42687Kb free=203087Kb
 bounds [0x00000000025d0000, 0x0000000004fc0000, 0x00000000115d0000]
 total_blobs=11783 nmethods=11092 adapters=607
 compilation: enabled

Compilation events (10 events):
Event: 5563.204 Thread 0x0000000017142000 14332       4       org.jboss.as.controller.operations.validation.StringLengthValidator::validateParameter (115 bytes)
Event: 5563.220 Thread 0x0000000017142000 nmethod 14332 0x0000000004f97990 code [0x0000000004f97b60, 0x0000000004f98398]
Event: 5573.210 Thread 0x000000001714e000 14333       3       org.jboss.as.controller.operations.global.ReadResourceHandler::doExecuteInternal (1338 bytes)
Event: 5573.245 Thread 0x000000001714e000 nmethod 14333 0x0000000004f98e90 code [0x0000000004f9a020, 0x0000000004fa6718]
Event: 5695.740 Thread 0x000000001714a800 14334       4       org.apache.catalina.core.StandardPipeline::getFirst (17 bytes)
Event: 5695.742 Thread 0x000000001714a800 nmethod 14334 0x00000000037cf350 code [0x00000000037cf480, 0x00000000037cf4f8]
Event: 5725.745 Thread 0x000000001714a800 14335       4       java.util.concurrent.ConcurrentHashMap::values (27 bytes)
Event: 5725.749 Thread 0x000000001714a800 nmethod 14335 0x0000000004f91190 code [0x0000000004f912e0, 0x0000000004f91408]
Event: 5755.775 Thread 0x000000001714a800 14336       4       java.util.concurrent.ConcurrentHashMap$CollectionView::toArray (207 bytes)
Event: 5755.817 Thread 0x000000001714a800 nmethod 14336 0x0000000004fb7310 code [0x0000000004fb74a0, 0x0000000004fb8138]

GC Heap History (10 events):
Event: 4356.084 GC heap before
{Heap before GC invocations=38 (full 4):
 PSYoungGen      total 232960K, used 116960K [0x00000000eab00000, 0x0000000100000000, 0x0000000100000000)
  eden space 116736K, 100% used [0x00000000eab00000,0x00000000f1d00000,0x00000000f1d00000)
  from space 116224K, 0% used [0x00000000f1d00000,0x00000000f1d38000,0x00000000f8e80000)
  to   space 116224K, 0% used [0x00000000f8e80000,0x00000000f8e80000,0x0000000100000000)
 ParOldGen       total 699392K, used 240004K [0x00000000c0000000, 0x00000000eab00000, 0x00000000eab00000)
  object space 699392K, 34% used [0x00000000c0000000,0x00000000cea61018,0x00000000eab00000)
 Metaspace       used 103735K, capacity 111426K, committed 113496K, reserved 1146880K
  class space    used 13186K, capacity 15425K, committed 16000K, reserved 1048576K
Event: 4356.097 GC heap after
Heap after GC invocations=38 (full 4):
 PSYoungGen      total 232960K, used 256K [0x00000000eab00000, 0x0000000100000000, 0x0000000100000000)
  eden space 116736K, 0% used [0x00000000eab00000,0x00000000eab00000,0x00000000f1d00000)
  from space 116224K, 0% used [0x00000000f8e80000,0x00000000f8ec0000,0x0000000100000000)
  to   space 116224K, 0% used [0x00000000f1d00000,0x00000000f1d00000,0x00000000f8e80000)
 ParOldGen       total 699392K, used 240052K [0x00000000c0000000, 0x00000000eab00000, 0x00000000eab00000)
  object space 699392K, 34% used [0x00000000c0000000,0x00000000cea6d018,0x00000000eab00000)
 Metaspace       used 103735K, capacity 111426K, committed 113496K, reserved 1146880K
  class space    used 13186K, capacity 15425K, committed 16000K, reserved 1048576K
}
Event: 5451.720 GC heap before
{Heap before GC invocations=39 (full 4):
 PSYoungGen      total 232960K, used 116992K [0x00000000eab00000, 0x0000000100000000, 0x0000000100000000)
  eden space 116736K, 100% used [0x00000000eab00000,0x00000000f1d00000,0x00000000f1d00000)
  from space 116224K, 0% used [0x00000000f8e80000,0x00000000f8ec0000,0x0000000100000000)
  to   space 116224K, 0% used [0x00000000f1d00000,0x00000000f1d00000,0x00000000f8e80000)
 ParOldGen       total 699392K, used 240052K [0x00000000c0000000, 0x00000000eab00000, 0x00000000eab00000)
  object space 699392K, 34% used [0x00000000c0000000,0x00000000cea6d018,0x00000000eab00000)
 Metaspace       used 104100K, capacity 112044K, committed 114136K, reserved 1146880K
  class space    used 13218K, capacity 15464K, committed 16128K, reserved 1048576K
Event: 5451.725 GC heap after
Heap after GC invocations=39 (full 4):
 PSYoungGen      total 232960K, used 806K [0x00000000eab00000, 0x0000000100000000, 0x0000000100000000)
  eden space 116736K, 0% used [0x00000000eab00000,0x00000000eab00000,0x00000000f1d00000)
  from space 116224K, 0% used [0x00000000f1d00000,0x00000000f1dc9810,0x00000000f8e80000)
  to   space 114688K, 0% used [0x00000000f9000000,0x00000000f9000000,0x0000000100000000)
 ParOldGen       total 699392K, used 240076K [0x00000000c0000000, 0x00000000eab00000, 0x00000000eab00000)
  object space 699392K, 34% used [0x00000000c0000000,0x00000000cea73018,0x00000000eab00000)
 Metaspace       used 104100K, capacity 112044K, committed 114136K, reserved 1146880K
  class space    used 13218K, capacity 15464K, committed 16128K, reserved 1048576K
}
Event: 5459.223 GC heap before
{Heap before GC invocations=40 (full 4):
 PSYoungGen      total 232960K, used 117542K [0x00000000eab00000, 0x0000000100000000, 0x0000000100000000)
  eden space 116736K, 100% used [0x00000000eab00000,0x00000000f1d00000,0x00000000f1d00000)
  from space 116224K, 0% used [0x00000000f1d00000,0x00000000f1dc9810,0x00000000f8e80000)
  to   space 114688K, 0% used [0x00000000f9000000,0x00000000f9000000,0x0000000100000000)
 ParOldGen       total 699392K, used 240076K [0x00000000c0000000, 0x00000000eab00000, 0x00000000eab00000)
  object space 699392K, 34% used [0x00000000c0000000,0x00000000cea73018,0x00000000eab00000)
 Metaspace       used 104304K, capacity 112266K, committed 114136K, reserved 1146880K
  class space    used 13239K, capacity 15501K, committed 16128K, reserved 1048576K
Event: 5459.228 GC heap after
Heap after GC invocations=40 (full 4):
 PSYoungGen      total 240128K, used 2870K [0x00000000eab00000, 0x0000000100000000, 0x0000000100000000)
  eden space 125440K, 0% used [0x00000000eab00000,0x00000000eab00000,0x00000000f2580000)
  from space 114688K, 2% used [0x00000000f9000000,0x00000000f92cda30,0x0000000100000000)
  to   space 109056K, 0% used [0x00000000f2580000,0x00000000f2580000,0x00000000f9000000)
 ParOldGen       total 699392K, used 240084K [0x00000000c0000000, 0x00000000eab00000, 0x00000000eab00000)
  object space 699392K, 34% used [0x00000000c0000000,0x00000000cea75018,0x00000000eab00000)
 Metaspace       used 104304K, capacity 112266K, committed 114136K, reserved 1146880K
  class space    used 13239K, capacity 15501K, committed 16128K, reserved 1048576K
}
Event: 5459.888 GC heap before
{Heap before GC invocations=41 (full 4):
 PSYoungGen      total 240128K, used 128310K [0x00000000eab00000, 0x0000000100000000, 0x0000000100000000)
  eden space 125440K, 100% used [0x00000000eab00000,0x00000000f2580000,0x00000000f2580000)
  from space 114688K, 2% used [0x00000000f9000000,0x00000000f92cda30,0x0000000100000000)
  to   space 109056K, 0% used [0x00000000f2580000,0x00000000f2580000,0x00000000f9000000)
 ParOldGen       total 699392K, used 240084K [0x00000000c0000000, 0x00000000eab00000, 0x00000000eab00000)
  object space 699392K, 34% used [0x00000000c0000000,0x00000000cea75018,0x00000000eab00000)
 Metaspace       used 104305K, capacity 112266K, committed 114136K, reserved 1146880K
  class space    used 13240K, capacity 15501K, committed 16128K, reserved 1048576K
Event: 5459.893 GC heap after
Heap after GC invocations=41 (full 4):
 PSYoungGen      total 234496K, used 4243K [0x00000000eab00000, 0x0000000100000000, 0x0000000100000000)
  eden space 125440K, 0% used [0x00000000eab00000,0x00000000eab00000,0x00000000f2580000)
  from space 109056K, 3% used [0x00000000f2580000,0x00000000f29a4ea0,0x00000000f9000000)
  to   space 103936K, 0% used [0x00000000f9a80000,0x00000000f9a80000,0x0000000100000000)
 ParOldGen       total 699392K, used 240084K [0x00000000c0000000, 0x00000000eab00000, 0x00000000eab00000)
  object space 699392K, 34% used [0x00000000c0000000,0x00000000cea75018,0x00000000eab00000)
 Metaspace       used 104305K, capacity 112266K, committed 114136K, reserved 1146880K
  class space    used 13240K, capacity 15501K, committed 16128K, reserved 1048576K
}
Event: 5460.540 GC heap before
{Heap before GC invocations=42 (full 4):
 PSYoungGen      total 234496K, used 129683K [0x00000000eab00000, 0x0000000100000000, 0x0000000100000000)
  eden space 125440K, 100% used [0x00000000eab00000,0x00000000f2580000,0x00000000f2580000)
  from space 109056K, 3% used [0x00000000f2580000,0x00000000f29a4ea0,0x00000000f9000000)
  to   space 103936K, 0% used [0x00000000f9a80000,0x00000000f9a80000,0x0000000100000000)
 ParOldGen       total 699392K, used 240084K [0x00000000c0000000, 0x00000000eab00000, 0x00000000eab00000)
  object space 699392K, 34% used [0x00000000c0000000,0x00000000cea75018,0x00000000eab00000)
 Metaspace       used 104305K, capacity 112266K, committed 114136K, reserved 1146880K
  class space    used 13240K, capacity 15501K, committed 16128K, reserved 1048576K
Event: 5460.549 GC heap after
Heap after GC invocations=42 (full 4):
 PSYoungGen      total 251392K, used 5752K [0x00000000eab00000, 0x0000000100000000, 0x0000000100000000)
  eden space 147456K, 0% used [0x00000000eab00000,0x00000000eab00000,0x00000000f3b00000)
  from space 103936K, 5% used [0x00000000f9a80000,0x00000000fa01e1f8,0x0000000100000000)
  to   space 97792K, 0% used [0x00000000f3b00000,0x00000000f3b00000,0x00000000f9a80000)
 ParOldGen       total 699392K, used 240084K [0x00000000c0000000, 0x00000000eab00000, 0x00000000eab00000)
  object space 699392K, 34% used [0x00000000c0000000,0x00000000cea75018,0x00000000eab00000)
 Metaspace       used 104305K, capacity 112266K, committed 114136K, reserved 1146880K
  class space    used 13240K, capacity 15501K, committed 16128K, reserved 1048576K
}

Deoptimization events (10 events):
Event: 5460.718 Thread 0x0000000022372000 Uncommon trap: reason=class_check action=maybe_recompile pc=0x0000000004db0958 method=java.util.Collections$UnmodifiableMap$UnmodifiableEntrySet$UnmodifiableEntry.<init>(Ljava/util/Map$Entry;)V @ 9
Event: 5460.718 Thread 0x0000000022372000 Uncommon trap: reason=class_check action=maybe_recompile pc=0x0000000004db0958 method=java.util.Collections$UnmodifiableMap$UnmodifiableEntrySet$UnmodifiableEntry.<init>(Ljava/util/Map$Entry;)V @ 9
Event: 5460.718 Thread 0x0000000022372000 Uncommon trap: reason=class_check action=maybe_recompile pc=0x0000000004db0958 method=java.util.Collections$UnmodifiableMap$UnmodifiableEntrySet$UnmodifiableEntry.<init>(Ljava/util/Map$Entry;)V @ 9
Event: 5462.433 Thread 0x0000000022372000 Uncommon trap: reason=array_check action=maybe_recompile pc=0x0000000004e08ff8 method=java.io.ObjectInputStream.readArray(Z)Ljava/lang/Object; @ 406
Event: 5462.434 Thread 0x0000000022372000 Uncommon trap: reason=array_check action=maybe_recompile pc=0x0000000004e08ff8 method=java.io.ObjectInputStream.readArray(Z)Ljava/lang/Object; @ 406
Event: 5462.434 Thread 0x0000000022372000 Uncommon trap: reason=array_check action=maybe_recompile pc=0x0000000004e08ff8 method=java.io.ObjectInputStream.readArray(Z)Ljava/lang/Object; @ 406
Event: 5462.434 Thread 0x0000000022372000 Uncommon trap: reason=array_check action=maybe_recompile pc=0x0000000004e08ff8 method=java.io.ObjectInputStream.readArray(Z)Ljava/lang/Object; @ 406
Event: 5462.434 Thread 0x0000000022372000 Uncommon trap: reason=array_check action=maybe_recompile pc=0x0000000004e08ff8 method=java.io.ObjectInputStream.readArray(Z)Ljava/lang/Object; @ 406
Event: 5462.435 Thread 0x0000000022372000 Uncommon trap: reason=unhandled action=none pc=0x00000000031bd8d4 method=org.jboss.modules.ModuleClassLoader.findClass(Ljava/lang/String;ZZ)Ljava/lang/Class; @ 115
Event: 5462.442 Thread 0x0000000022372000 Uncommon trap: reason=array_check action=maybe_recompile pc=0x0000000002a500e8 method=java.util.Arrays.fill([Ljava/lang/Object;IILjava/lang/Object;)V @ 20

Internal exceptions (10 events):
Event: 93.630 Thread 0x0000000023c42000 Exception <a 'java/net/SocketTimeoutException': Read timed out> (0x00000000ed4f70a8) thrown at [C:\re\workspace\8-2-build-windows-amd64-cygwin\jdk8u45\3627\hotspot\src\share\vm\prims\jni.cpp, line 735]
Event: 97.361 Thread 0x0000000019039000 Exception <a 'java/net/SocketTimeoutException': Read timed out> (0x00000000ecdc5260) thrown at [C:\re\workspace\8-2-build-windows-amd64-cygwin\jdk8u45\3627\hotspot\src\share\vm\prims\jni.cpp, line 735]
Event: 5451.610 Thread 0x0000000019039000 Implicit null exception at 0x0000000004b438bd to 0x0000000004b4d1c5
Event: 5453.125 Thread 0x0000000022372000 Implicit null exception at 0x0000000004d26fc4 to 0x0000000004d2a529
Event: 5511.829 Thread 0x0000000023c42000 Exception <a 'java/net/SocketTimeoutException': Read timed out> (0x00000000ecc4d6d0) thrown at [C:\re\workspace\8-2-build-windows-amd64-cygwin\jdk8u45\3627\hotspot\src\share\vm\prims\jni.cpp, line 735]
Event: 5511.829 Thread 0x0000000019039000 Exception <a 'java/net/SocketTimeoutException': Read timed out> (0x00000000ecb849a8) thrown at [C:\re\workspace\8-2-build-windows-amd64-cygwin\jdk8u45\3627\hotspot\src\share\vm\prims\jni.cpp, line 735]
Event: 5511.829 Thread 0x0000000022455000 Exception <a 'java/net/SocketTimeoutException': Read timed out> (0x00000000ecc6beb0) thrown at [C:\re\workspace\8-2-build-windows-amd64-cygwin\jdk8u45\3627\hotspot\src\share\vm\prims\jni.cpp, line 735]
Event: 5511.829 Thread 0x0000000022375000 Exception <a 'java/net/SocketTimeoutException': Read timed out> (0x00000000ecc65e70) thrown at [C:\re\workspace\8-2-build-windows-amd64-cygwin\jdk8u45\3627\hotspot\src\share\vm\prims\jni.cpp, line 735]
Event: 5511.829 Thread 0x0000000022374800 Exception <a 'java/net/SocketTimeoutException': Read timed out> (0x00000000ecc57298) thrown at [C:\re\workspace\8-2-build-windows-amd64-cygwin\jdk8u45\3627\hotspot\src\share\vm\prims\jni.cpp, line 735]
Event: 5522.459 Thread 0x0000000022372000 Exception <a 'java/net/SocketTimeoutException': Read timed out> (0x00000000ec43cb08) thrown at [C:\re\workspace\8-2-build-windows-amd64-cygwin\jdk8u45\3627\hotspot\src\share\vm\prims\jni.cpp, line 735]

Events (10 events):
Event: 5592.721 Thread 0x0000000023c44800 DEOPT PACKING pc=0x00000000047637c4 sp=0x0000000025a9eab0
Event: 5592.721 Thread 0x0000000023c44800 DEOPT UNPACKING pc=0x000000000261787f sp=0x0000000025a9e8e0 mode 1
Event: 5722.731 Thread 0x0000000023c44800 DEOPT PACKING pc=0x00000000047637c4 sp=0x0000000025a9eab0
Event: 5722.731 Thread 0x0000000023c44800 DEOPT UNPACKING pc=0x000000000261787f sp=0x0000000025a9e8e0 mode 1
Event: 5722.732 Thread 0x0000000023c44800 DEOPT PACKING pc=0x00000000047637c4 sp=0x0000000025a9eab0
Event: 5722.732 Thread 0x0000000023c44800 DEOPT UNPACKING pc=0x000000000261787f sp=0x0000000025a9e8e0 mode 1
Event: 5722.732 Thread 0x0000000023c44800 DEOPT PACKING pc=0x00000000047637c4 sp=0x0000000025a9eab0
Event: 5722.732 Thread 0x0000000023c44800 DEOPT UNPACKING pc=0x000000000261787f sp=0x0000000025a9e8e0 mode 1
Event: 5765.235 Executing VM operation: RedefineClasses
Event: 5765.379 Executing VM operation: RedefineClasses done


Dynamic libraries:
0x00007ff7c2770000 - 0x00007ff7c27a7000 	C:\Program Files\Java\jre1.8.0_45\bin\javaw.exe
0x00007ffd18770000 - 0x00007ffd1891c000 	C:\Windows\SYSTEM32\ntdll.dll
0x00007ffd15e00000 - 0x00007ffd15f3e000 	C:\Windows\system32\KERNEL32.DLL
0x00007ffd15c20000 - 0x00007ffd15d35000 	C:\Windows\system32\KERNELBASE.dll
0x00007ffd14460000 - 0x00007ffd144ee000 	C:\Windows\system32\apphelp.dll
0x00007ffcfd440000 - 0x00007ffcfd493000 	C:\Windows\AppPatch\AppPatch64\AcGenral.DLL
0x00007ffd186c0000 - 0x00007ffd1876a000 	C:\Windows\system32\msvcrt.dll
0x00007ffd15690000 - 0x00007ffd156be000 	C:\Windows\SYSTEM32\SspiCli.dll
0x00007ffd17530000 - 0x00007ffd17584000 	C:\Windows\system32\SHLWAPI.dll
0x00007ffd17de0000 - 0x00007ffd17f57000 	C:\Windows\system32\USER32.dll
0x00007ffd17ad0000 - 0x00007ffd17c64000 	C:\Windows\system32\ole32.dll
0x00007ffd15f40000 - 0x00007ffd1746b000 	C:\Windows\system32\SHELL32.dll
0x00007ffd14e60000 - 0x00007ffd14e81000 	C:\Windows\SYSTEM32\USERENV.dll
0x00007ffd17cd0000 - 0x00007ffd17d7a000 	C:\Windows\system32\ADVAPI32.dll
0x00007ffd0c9d0000 - 0x00007ffd0c9ee000 	C:\Windows\SYSTEM32\MPR.dll
0x00007ffd18100000 - 0x00007ffd18241000 	C:\Windows\system32\RPCRT4.dll
0x00007ffd177b0000 - 0x00007ffd17809000 	C:\Windows\SYSTEM32\sechost.dll
0x00007ffd184a0000 - 0x00007ffd186b1000 	C:\Windows\SYSTEM32\combase.dll
0x00007ffd17590000 - 0x00007ffd176df000 	C:\Windows\system32\GDI32.dll
0x00007ffd158c0000 - 0x00007ffd158d5000 	C:\Windows\SYSTEM32\profapi.dll
0x00007ffd13c80000 - 0x00007ffd13d32000 	C:\Windows\SYSTEM32\SHCORE.dll
0x00007ffd17810000 - 0x00007ffd17846000 	C:\Windows\system32\IMM32.DLL
0x00007ffd17f70000 - 0x00007ffd180c2000 	C:\Windows\system32\MSCTF.dll
0x00007ffd13230000 - 0x00007ffd134ab000 	C:\Windows\WinSxS\amd64_microsoft.windows.common-controls_6595b64144ccf1df_6.0.9600.18006_none_623f33d3ecbe86e8\COMCTL32.dll
0x000000006ac60000 - 0x000000006ad32000 	C:\Program Files\Java\jre1.8.0_45\bin\msvcr100.dll
0x000000006a3d0000 - 0x000000006ac53000 	C:\Program Files\Java\jre1.8.0_45\bin\server\jvm.dll
0x00007ffd03af0000 - 0x00007ffd03af9000 	C:\Windows\SYSTEM32\WSOCK32.dll
0x00007ffd0a520000 - 0x00007ffd0a542000 	C:\Windows\SYSTEM32\WINMM.dll
0x00007ffd09b10000 - 0x00007ffd09b1a000 	C:\Windows\SYSTEM32\VERSION.dll
0x00007ffd180d0000 - 0x00007ffd180d7000 	C:\Windows\system32\PSAPI.DLL
0x00007ffd17d80000 - 0x00007ffd17dda000 	C:\Windows\system32\WS2_32.dll
0x00007ffd0a4f0000 - 0x00007ffd0a51a000 	C:\Windows\SYSTEM32\WINMMBASE.dll
0x00007ffd17f60000 - 0x00007ffd17f69000 	C:\Windows\system32\NSI.dll
0x00007ffd159f0000 - 0x00007ffd15a3f000 	C:\Windows\SYSTEM32\cfgmgr32.dll
0x00007ffd146b0000 - 0x00007ffd146d8000 	C:\Windows\SYSTEM32\DEVOBJ.dll
0x000000006ba20000 - 0x000000006ba2f000 	C:\Program Files\Java\jre1.8.0_45\bin\verify.dll
0x000000006b9f0000 - 0x000000006ba19000 	C:\Program Files\Java\jre1.8.0_45\bin\java.dll
0x000000006b9b0000 - 0x000000006b9e5000 	C:\Program Files\Java\jre1.8.0_45\bin\jdwp.dll
0x000000006b9a0000 - 0x000000006b9a8000 	C:\Program Files\Java\jre1.8.0_45\bin\npt.dll
0x000000006a3b0000 - 0x000000006a3c6000 	C:\Program Files\Java\jre1.8.0_45\bin\zip.dll
0x000000006b990000 - 0x000000006b999000 	C:\Program Files\Java\jre1.8.0_45\bin\dt_socket.dll
0x00007ffd0d650000 - 0x00007ffd0d665000 	C:\Windows\system32\napinsp.dll
0x00007ffd0d630000 - 0x00007ffd0d64a000 	C:\Windows\system32\pnrpnsp.dll
0x00007ffd13050000 - 0x00007ffd1306b000 	C:\Windows\system32\NLAapi.dll
0x00007ffd150d0000 - 0x00007ffd15129000 	C:\Windows\System32\mswsock.dll
0x00007ffd14ed0000 - 0x00007ffd14f74000 	C:\Windows\SYSTEM32\DNSAPI.dll
0x00007ffd0d620000 - 0x00007ffd0d62d000 	C:\Windows\System32\winrnr.dll
0x00007ffd0fd00000 - 0x00007ffd0fd6b000 	C:\Windows\System32\fwpuclnt.dll
0x00007ffd0d030000 - 0x00007ffd0d03a000 	C:\Windows\System32\rasadhlp.dll
0x000000006a3a0000 - 0x000000006a3ad000 	C:\Program Files\Java\jre1.8.0_45\bin\management.dll
0x000000006a380000 - 0x000000006a39a000 	C:\Program Files\Java\jre1.8.0_45\bin\net.dll
0x000000006a360000 - 0x000000006a371000 	C:\Program Files\Java\jre1.8.0_45\bin\nio.dll
0x00007ffd15130000 - 0x00007ffd15150000 	C:\Windows\SYSTEM32\CRYPTSP.dll
0x00007ffd14d50000 - 0x00007ffd14d86000 	C:\Windows\system32\rsaenh.dll
0x00007ffd15380000 - 0x00007ffd153a6000 	C:\Windows\SYSTEM32\bcrypt.dll
0x00007ffd156c0000 - 0x00007ffd15723000 	C:\Windows\system32\bcryptprimitives.dll
0x00007ffd15730000 - 0x00007ffd1573b000 	C:\Windows\SYSTEM32\CRYPTBASE.dll
0x00007ffd111b0000 - 0x00007ffd111da000 	C:\Windows\SYSTEM32\IPHLPAPI.DLL
0x00007ffd123b0000 - 0x00007ffd123ba000 	C:\Windows\SYSTEM32\WINNSI.DLL
0x00007ffd0fcd0000 - 0x00007ffd0fce6000 	C:\Windows\SYSTEM32\dhcpcsvc6.DLL
0x00007ffd10360000 - 0x00007ffd1037a000 	C:\Windows\SYSTEM32\dhcpcsvc.DLL
0x000000006a330000 - 0x000000006a354000 	C:\Program Files\Java\jre1.8.0_45\bin\sunec.dll
0x000000006a320000 - 0x000000006a32b000 	C:\Program Files\Java\jre1.8.0_45\bin\sunmscapi.dll
0x00007ffd15a40000 - 0x00007ffd15c1f000 	C:\Windows\system32\CRYPT32.dll
0x00007ffd15970000 - 0x00007ffd15981000 	C:\Windows\system32\MSASN1.dll
0x0000000069f90000 - 0x000000006a128000 	C:\Program Files\Java\jre1.8.0_45\bin\awt.dll
0x00007ffd176e0000 - 0x00007ffd177a1000 	C:\Windows\system32\OLEAUT32.dll
0x00007ffd0daa0000 - 0x00007ffd0dc29000 	C:\Windows\SYSTEM32\dbghelp.dll

VM Arguments:
jvm_args: -agentlib:jdwp=transport=dt_socket,suspend=y,address=localhost:52642 -Xmx1024m -Dprogram.name=JBossTools: JBoss Enterprise Application Platform 6.1+ -Xms1024m -Xmx1024m -XX:MaxPermSize=256m -Dorg.jboss.resolver.warning=true -Djava.net.preferIPv4Stack=true -Dsun.rmi.dgc.client.gcInterval=3600000 -Dsun.rmi.dgc.server.gcInterval=3600000 -Djboss.modules.system.pkgs=org.jboss.byteman -Djava.awt.headless=true -Dorg.jboss.boot.log.file=D:/Software Potable/server/standalone/log/boot.log -Dlogging.configuration=file:/D:/Software%20Potable/server/standalone/configuration/logging.properties -Djboss.home.dir=D:/Software Potable/server -Dorg.jboss.logmanager.nocolor=true -Djboss.bind.address.management=localhost -Dfile.encoding=Cp1252 
java_command: org.jboss.modules.Main -mp D:/Software Potable/server/modules -jaxpmodule javax.xml.jaxp-provider org.jboss.as.standalone -b localhost --server-config=standalone.xml -Djboss.server.base.dir=D:\Software Potable\server\standalone
java_class_path (initial): D:\Software Potable\server\jboss-modules.jar
Launcher Type: SUN_STANDARD

Environment Variables:
JAVA_HOME=C:\Program Files\Java\jdk1.8.0_45
PATH=native;C:/Program Files/Java/jdk1.8.0_45/bin/../jre/bin/server;C:/Program Files/Java/jdk1.8.0_45/bin/../jre/bin;C:/Program Files/Java/jdk1.8.0_45/bin/../jre/lib/amd64;C:\Program Files\Java\jdk1.8.0_45\bin;C:\ProgramData\Oracle\Java\javapath;C:\Program Files (x86)\Intel\iCLS Client\;C:\Program Files\Intel\iCLS Client\;C:\Windows\system32;C:\Windows;C:\Windows\System32\Wbem;C:\Windows\System32\WindowsPowerShell\v1.0\;C:\Program Files\Intel\Intel(R) Management Engine Components\DAL;C:\Program Files (x86)\Intel\Intel(R) Management Engine Components\DAL;C:\Program Files\Intel\Intel(R) Management Engine Components\IPT;C:\Program Files (x86)\Intel\Intel(R) Management Engine Components\IPT;D:\Software Potable\eclipse;
USERNAME=vantrong
OS=Windows_NT
PROCESSOR_IDENTIFIER=Intel64 Family 6 Model 60 Stepping 3, GenuineIntel



---------------  S Y S T E M  ---------------

OS: Windows 8.1 , 64 bit Build 9600 (6.3.9600.17415)

CPU:total 8 (4 cores per cpu, 2 threads per core) family 6 model 60 stepping 3, cmov, cx8, fxsr, mmx, sse, sse2, sse3, ssse3, sse4.1, sse4.2, popcnt, avx, avx2, aes, clmul, erms, lzcnt, ht, tsc, tscinvbit, bmi1, bmi2

Memory: 4k page, physical 8286536k(3875028k free), swap 16675144k(9637668k free)

vm_info: Java HotSpot(TM) 64-Bit Server VM (25.45-b02) for windows-amd64 JRE (1.8.0_45-b15), built on Apr 30 2015 12:40:44 by "java_re" with MS VC++ 10.0 (VS2010)

time: Thu Jan 07 12:20:33 2016
elapsed time: 5765 seconds (0d 1h 36m 5s)

