07:16:53,432 INFO  [org.jboss.modules] (main) JBoss Modules version 1.3.0.Final-redhat-2
07:16:53,596 INFO  [org.jboss.msc] (main) JBoss MSC version 1.0.4.GA-redhat-1
07:16:53,647 INFO  [org.jboss.as] (MSC service thread 1-6) JBAS015899: JBoss EAP 6.2.0.GA (AS 7.3.0.Final-redhat-14) starting
07:16:53,651 DEBUG [org.jboss.as.config] (MSC service thread 1-6) Configured system properties:
	[Host Controller] = true
	[Server:server-one] = 
	awt.toolkit = sun.awt.windows.WToolkit
	file.encoding = Cp1252
	file.encoding.pkg = sun.io
	file.separator = \
	java.awt.graphicsenv = sun.awt.Win32GraphicsEnvironment
	java.awt.printerjob = sun.awt.windows.WPrinterJob
	java.class.path = C:\server\jboss-modules.jar
	java.class.version = 52.0
	java.endorsed.dirs = C:\Program Files\Java\jdk1.8.0_45\jre\lib\endorsed
	java.ext.dirs = C:\Program Files\Java\jdk1.8.0_45\jre\lib\ext;C:\Windows\Sun\Java\lib\ext
	java.home = C:\Program Files\Java\jdk1.8.0_45\jre
	java.io.tmpdir = C:\Users\vantrong\AppData\Local\Temp\
	java.library.path = C:\Program Files\Java\jdk1.8.0_45\bin;C:\Windows\Sun\Java\bin;C:\Windows\system32;C:\Windows;C:\Program Files\Java\jdk1.8.0_45\bin;C:\ProgramData\Oracle\Java\javapath;C:\Program Files (x86)\Intel\iCLS Client\;C:\Program Files\Intel\iCLS Client\;C:\Windows\system32;C:\Windows;C:\Windows\System32\Wbem;C:\Windows\System32\WindowsPowerShell\v1.0\;C:\Program Files\Intel\Intel(R) Management Engine Components\DAL;C:\Program Files (x86)\Intel\Intel(R) Management Engine Components\DAL;C:\Program Files\Intel\Intel(R) Management Engine Components\IPT;C:\Program Files (x86)\Intel\Intel(R) Management Engine Components\IPT;.
	java.net.preferIPv4Stack = true
	java.runtime.name = Java(TM) SE Runtime Environment
	java.runtime.version = 1.8.0_45-b15
	java.specification.name = Java Platform API Specification
	java.specification.vendor = Oracle Corporation
	java.specification.version = 1.8
	java.util.logging.manager = org.jboss.logmanager.LogManager
	java.vendor = Oracle Corporation
	java.vendor.url = http://java.oracle.com/
	java.vendor.url.bug = http://bugreport.sun.com/bugreport/
	java.version = 1.8.0_45
	java.vm.info = mixed mode
	java.vm.name = Java HotSpot(TM) 64-Bit Server VM
	java.vm.specification.name = Java Virtual Machine Specification
	java.vm.specification.vendor = Oracle Corporation
	java.vm.specification.version = 1.8
	java.vm.vendor = Oracle Corporation
	java.vm.version = 25.45-b02
	javax.management.builder.initial = org.jboss.as.jmx.PluggableMBeanServerBuilder
	javax.xml.datatype.DatatypeFactory = __redirected.__DatatypeFactory
	javax.xml.parsers.DocumentBuilderFactory = __redirected.__DocumentBuilderFactory
	javax.xml.parsers.SAXParserFactory = __redirected.__SAXParserFactory
	javax.xml.stream.XMLEventFactory = __redirected.__XMLEventFactory
	javax.xml.stream.XMLInputFactory = __redirected.__XMLInputFactory
	javax.xml.stream.XMLOutputFactory = __redirected.__XMLOutputFactory
	javax.xml.transform.TransformerFactory = __redirected.__TransformerFactory
	javax.xml.validation.SchemaFactory:http://www.w3.org/2001/XMLSchema = __redirected.__SchemaFactory
	javax.xml.xpath.XPathFactory:http://java.sun.com/jaxp/xpath/dom = __redirected.__XPathFactory
	jboss.domain.base.dir = C:\server\domain
	jboss.domain.config.dir = C:\server\domain\configuration
	jboss.home.dir = C:\server
	jboss.host.name = ittrong
	jboss.modules.dir = C:\server\modules
	jboss.modules.system.pkgs = org.jboss.byteman
	jboss.node.name = master:server-one
	jboss.qualified.host.name = ittrong
	jboss.server.base.dir = C:\server\domain\servers\server-one
	jboss.server.config.dir = C:\server\domain\servers\server-one\configuration
	jboss.server.data.dir = C:\server\domain\servers\server-one\data
	jboss.server.deploy.dir = C:\server\domain\servers\server-one\data\content
	jboss.server.log.dir = C:\server\domain\servers\server-one\log
	jboss.server.name = server-one
	jboss.server.persist.config = true
	jboss.server.temp.dir = C:\server\domain\servers\server-one\tmp
	line.separator = 

	logging.configuration = file:C:\server\domain\servers\server-one\data\logging.properties
	module.path = C:\server\modules
	org.jboss.resolver.warning = true
	org.xml.sax.driver = __redirected.__XMLReaderFactory
	os.arch = amd64
	os.name = Windows 8.1
	os.version = 6.3
	path.separator = ;
	sun.arch.data.model = 64
	sun.boot.class.path = C:\Program Files\Java\jdk1.8.0_45\jre\lib\resources.jar;C:\Program Files\Java\jdk1.8.0_45\jre\lib\rt.jar;C:\Program Files\Java\jdk1.8.0_45\jre\lib\sunrsasign.jar;C:\Program Files\Java\jdk1.8.0_45\jre\lib\jsse.jar;C:\Program Files\Java\jdk1.8.0_45\jre\lib\jce.jar;C:\Program Files\Java\jdk1.8.0_45\jre\lib\charsets.jar;C:\Program Files\Java\jdk1.8.0_45\jre\lib\jfr.jar;C:\Program Files\Java\jdk1.8.0_45\jre\classes
	sun.boot.library.path = C:\Program Files\Java\jdk1.8.0_45\jre\bin
	sun.cpu.endian = little
	sun.cpu.isalist = amd64
	sun.desktop = windows
	sun.io.unicode.encoding = UnicodeLittle
	sun.java.command = C:\server\jboss-modules.jar -mp C:\server\modules -jaxpmodule javax.xml.jaxp-provider org.jboss.as.server
	sun.java.launcher = SUN_STANDARD
	sun.jnu.encoding = Cp1252
	sun.management.compiler = HotSpot 64-Bit Tiered Compilers
	sun.os.patch.level = 
	user.country = US
	user.dir = C:\server
	user.home = C:\Users\vantrong
	user.language = en
	user.name = vantrong
	user.script = 
	user.timezone = Asia/Bangkok
	user.variant = 
07:16:53,652 DEBUG [org.jboss.as.config] (MSC service thread 1-6) VM Arguments: -D[Server:server-one] -XX:PermSize=256m -XX:MaxPermSize=256m -Xms1303m -Xmx1303m -Djboss.modules.system.pkgs=org.jboss.byteman -Djava.net.preferIPv4Stack=true -Djboss.home.dir=C:\server -D[Host Controller]=true -Djboss.server.log.dir=C:\server\domain\servers\server-one\log -Djboss.server.temp.dir=C:\server\domain\servers\server-one\tmp -Djboss.server.data.dir=C:\server\domain\servers\server-one\data -Dlogging.configuration=file:C:\server\domain\servers\server-one\data\logging.properties 
07:16:53,697 INFO  [org.xnio] (MSC service thread 1-11) XNIO Version 3.0.7.GA-redhat-1
07:16:53,701 INFO  [org.xnio.nio] (MSC service thread 1-11) XNIO NIO Implementation Version 3.0.7.GA-redhat-1
07:16:53,705 INFO  [org.jboss.remoting] (MSC service thread 1-11) JBoss Remoting version 3.2.18.GA-redhat-1
07:16:54,792 INFO  [org.jboss.as.webservices] (ServerService Thread Pool -- 31) JBAS015537: Activating WebServices Extension
07:16:54,822 INFO  [org.jboss.as.security] (ServerService Thread Pool -- 35) JBAS013171: Activating Security Subsystem
07:16:54,823 INFO  [org.jboss.as.naming] (ServerService Thread Pool -- 40) JBAS011800: Activating Naming Subsystem
07:16:54,824 INFO  [org.jboss.as.jacorb] (ServerService Thread Pool -- 51) JBAS016300: Activating JacORB Subsystem
07:16:54,825 INFO  [org.jboss.as.configadmin] (ServerService Thread Pool -- 56) JBAS016200: Activating ConfigAdmin Subsystem
07:16:54,825 INFO  [org.jboss.as.clustering.infinispan] (ServerService Thread Pool -- 52) JBAS010280: Activating Infinispan subsystem.
07:16:54,842 INFO  [org.jboss.as.jsf] (ServerService Thread Pool -- 44) JBAS012605: Activated the following JSF Implementations: [main, 1.2]
07:16:54,847 INFO  [org.jboss.as.security] (MSC service thread 1-13) JBAS013170: Current PicketBox version=4.0.19.SP2-redhat-1
07:16:54,987 INFO  [org.jboss.as.connector.subsystems.datasources] (ServerService Thread Pool -- 55) JBAS010403: Deploying JDBC-compliant driver class org.h2.Driver (version 1.3)
07:16:54,989 INFO  [org.jboss.as.connector.logging] (MSC service thread 1-3) JBAS010408: Starting JCA Subsystem (IronJacamar 1.0.23.Final-redhat-1)
07:16:55,010 INFO  [org.jboss.as.naming] (MSC service thread 1-2) JBAS011802: Starting Naming Service
07:16:55,015 INFO  [org.jboss.as.mail.extension] (MSC service thread 1-15) JBAS015400: Bound mail session [java:jboss/mail/Default]
07:16:55,045 INFO  [org.jboss.jaxr] (MSC service thread 1-2) JBAS014000: Started JAXR subsystem, binding JAXR connection factory into JNDI as: java:jboss/jaxr/ConnectionFactory
07:16:55,181 INFO  [org.apache.coyote.http11] (MSC service thread 1-16) JBWEB003001: Coyote HTTP/1.1 initializing on : http-/127.0.0.1:8080
07:16:55,196 INFO  [org.apache.coyote.http11] (MSC service thread 1-16) JBWEB003000: Coyote HTTP/1.1 starting on: http-/127.0.0.1:8080
07:16:55,275 INFO  [org.jboss.ws.common.management] (MSC service thread 1-10) JBWS022052: Starting JBoss Web Services - Stack CXF Server 4.2.3.Final-redhat-1
07:16:55,343 INFO  [org.jboss.as.remoting] (MSC service thread 1-2) JBAS017100: Listening on 127.0.0.1:4447
07:16:55,375 INFO  [org.jboss.as.connector.subsystems.datasources] (MSC service thread 1-11) JBAS010400: Bound data source [java:jboss/datasources/ExampleDS]
07:16:55,484 WARN  [jacorb.codeset] (MSC service thread 1-9) Warning - unknown codeset (Cp1252) - defaulting to ISO-8859-1
07:16:55,612 INFO  [org.jboss.as.jacorb] (MSC service thread 1-9) JBAS016330: CORBA ORB Service started
07:16:55,612 INFO  [org.hornetq.core.server] (ServerService Thread Pool -- 58) HQ221000: live server is starting with configuration HornetQ Configuration (clustered=false,backup=false,sharedStore=true,journalDirectory=C:\server\domain\servers\server-one\data\messagingjournal,bindingsDirectory=C:\server\domain\servers\server-one\data\messagingbindings,largeMessagesDirectory=C:\server\domain\servers\server-one\data\messaginglargemessages,pagingDirectory=C:\server\domain\servers\server-one\data\messagingpaging)
07:16:55,628 INFO  [org.hornetq.core.server] (ServerService Thread Pool -- 58) HQ221006: Waiting to obtain live lock
07:16:56,018 INFO  [org.hornetq.core.server] (ServerService Thread Pool -- 58) HQ221013: Using NIO Journal
07:16:56,034 INFO  [org.jboss.as.jacorb] (MSC service thread 1-8) JBAS016328: CORBA Naming Service started
07:16:56,447 INFO  [org.hornetq.core.server] (ServerService Thread Pool -- 58) HQ221034: Waiting to obtain live lock
07:16:56,447 INFO  [org.hornetq.core.server] (ServerService Thread Pool -- 58) HQ221035: Live Server Obtained live lock
07:16:57,874 INFO  [org.hornetq.core.server] (ServerService Thread Pool -- 58) HQ221020: Started Netty Acceptor version 3.6.6.Final-redhat-1-fd3c6b7 127.0.0.1:5455 for CORE protocol
07:16:57,889 INFO  [org.hornetq.core.server] (ServerService Thread Pool -- 58) HQ221020: Started Netty Acceptor version 3.6.6.Final-redhat-1-fd3c6b7 127.0.0.1:5445 for CORE protocol
07:16:57,905 INFO  [org.hornetq.core.server] (ServerService Thread Pool -- 58) HQ221007: Server is now live
07:16:57,905 INFO  [org.hornetq.core.server] (ServerService Thread Pool -- 58) HQ221001: HornetQ Server version 2.3.12.Final (2.3.12, 123) [4fb60853-e33c-11e4-8e6b-079ff04947c0] 
07:16:57,999 INFO  [org.jboss.as.messaging] (ServerService Thread Pool -- 58) JBAS011601: Bound messaging object to jndi name java:/ConnectionFactory
07:16:57,999 INFO  [org.jboss.as.messaging] (ServerService Thread Pool -- 59) JBAS011601: Bound messaging object to jndi name java:jboss/exported/jms/RemoteConnectionFactory
07:16:58,154 INFO  [org.jboss.as.connector.deployment] (MSC service thread 1-10) JBAS010406: Registered connection factory java:/JmsXA
07:16:58,215 INFO  [org.hornetq.ra] (MSC service thread 1-10) HornetQ resource adaptor started
07:16:58,217 INFO  [org.jboss.as.connector.services.resourceadapters.ResourceAdapterActivatorService$ResourceAdapterActivator] (MSC service thread 1-10) IJ020002: Deployed: file://RaActivatorhornetq-ra
07:16:58,221 INFO  [org.jboss.as.connector.deployment] (MSC service thread 1-10) JBAS010401: Bound JCA ConnectionFactory [java:/JmsXA]
07:16:58,260 INFO  [org.jboss.as] (Controller Boot Thread) JBAS015874: JBoss EAP 6.2.0.GA (AS 7.3.0.Final-redhat-14) started in 5116ms - Started 147 of 209 services (61 services are passive or on-demand)
