#
# There is insufficient memory for the Java Runtime Environment to continue.
# Native memory allocation (malloc) failed to allocate 47936 bytes for Chunk::new
# Possible reasons:
#   The system is out of physical RAM or swap space
#   In 32 bit mode, the process size limit was hit
# Possible solutions:
#   Reduce memory load on the system
#   Increase physical memory or swap space
#   Check if swap backing store is full
#   Use 64 bit Java on a 64 bit OS
#   Decrease Java heap size (-Xmx/-Xms)
#   Decrease number of Java threads
#   Decrease Java thread stack sizes (-Xss)
#   Set larger code cache with -XX:ReservedCodeCacheSize=
# This output file may be truncated or incomplete.
#
#  Out of Memory Error (allocation.cpp:390), pid=3300, tid=8560
#
# JRE version: Java(TM) SE Runtime Environment (8.0_45-b15) (build 1.8.0_45-b15)
# Java VM: Java HotSpot(TM) 64-Bit Server VM (25.45-b02 mixed mode windows-amd64 compressed oops)
# Failed to write core dump. Minidumps are not enabled by default on client versions of Windows
#

---------------  T H R E A D  ---------------

Current thread (0x0000000017983000):  JavaThread "C2 CompilerThread0" daemon [_thread_in_native, id=8560, stack(0x0000000018570000,0x0000000018670000)]

Stack: [0x0000000018570000,0x0000000018670000]
Native frames: (J=compiled Java code, j=interpreted, Vv=VM code, C=native code)
V  [jvm.dll+0x32b57a]


Current CompileTask:
C2:   4110  879       4       java.lang.StringBuilder::append (8 bytes)


---------------  P R O C E S S  ---------------

Java Threads: ( => current thread )
  0x000000001942f800 JavaThread "Thread-1" [_thread_new, id=11784, stack(0x0000000000000000,0x0000000000000000)]
  0x00000000195b0800 JavaThread "MSC Shutdown Thread" [_thread_new, id=6792, stack(0x000000001a980000,0x000000001aa80000)]
  0x0000000017b48000 JavaThread "Reference Reaper" daemon [_thread_blocked, id=10756, stack(0x0000000018b70000,0x0000000018c70000)]
  0x00000000179e0800 JavaThread "Service Thread" daemon [_thread_blocked, id=8552, stack(0x0000000018970000,0x0000000018a70000)]
  0x000000001798f800 JavaThread "C1 CompilerThread3" daemon [_thread_blocked, id=3668, stack(0x0000000018870000,0x0000000018970000)]
  0x000000001798e800 JavaThread "C2 CompilerThread2" daemon [_thread_blocked, id=7568, stack(0x0000000018770000,0x0000000018870000)]
  0x000000001798d000 JavaThread "C2 CompilerThread1" daemon [_thread_in_native, id=15272, stack(0x0000000018670000,0x0000000018770000)]
=>0x0000000017983000 JavaThread "C2 CompilerThread0" daemon [_thread_in_native, id=8560, stack(0x0000000018570000,0x0000000018670000)]
  0x0000000017976000 JavaThread "JDWP Command Reader" daemon [_thread_in_native, id=128, stack(0x0000000018470000,0x0000000018570000)]
  0x0000000017975000 JavaThread "JDWP Event Helper Thread" daemon [_thread_blocked, id=4928, stack(0x0000000018370000,0x0000000018470000)]
  0x0000000017968000 JavaThread "JDWP Transport Listener: dt_socket" daemon [_thread_blocked, id=13816, stack(0x0000000018270000,0x0000000018370000)]
  0x0000000017959800 JavaThread "Attach Listener" daemon [_thread_blocked, id=7724, stack(0x0000000017e30000,0x0000000017f30000)]
  0x0000000017959000 JavaThread "Signal Dispatcher" daemon [_thread_blocked, id=4848, stack(0x0000000017d30000,0x0000000017e30000)]
  0x0000000002e4d800 JavaThread "Finalizer" daemon [_thread_blocked, id=11244, stack(0x0000000017830000,0x0000000017930000)]
  0x0000000002e46000 JavaThread "Reference Handler" daemon [_thread_blocked, id=13408, stack(0x0000000017730000,0x0000000017830000)]
  0x0000000002d53800 JavaThread "main" [_thread_blocked, id=9664, stack(0x0000000002c50000,0x0000000002d50000)]

Other Threads:
  0x0000000015969000 VMThread [stack: 0x0000000017630000,0x0000000017730000] [id=14268]
  0x00000000179e3800 WatcherThread [stack: 0x0000000018a70000,0x0000000018b70000] [id=248]

VM state:not at safepoint (normal execution)

VM Mutex/Monitor currently owned by a thread: None

Heap:
 PSYoungGen      total 305664K, used 47186K [0x00000000eab00000, 0x0000000100000000, 0x0000000100000000)
  eden space 262144K, 18% used [0x00000000eab00000,0x00000000ed914960,0x00000000fab00000)
  from space 43520K, 0% used [0x00000000fd580000,0x00000000fd580000,0x0000000100000000)
  to   space 43520K, 0% used [0x00000000fab00000,0x00000000fab00000,0x00000000fd580000)
 ParOldGen       total 699392K, used 0K [0x00000000c0000000, 0x00000000eab00000, 0x00000000eab00000)
  object space 699392K, 0% used [0x00000000c0000000,0x00000000c0000000,0x00000000eab00000)
 Metaspace       used 11332K, capacity 12112K, committed 12416K, reserved 1060864K
  class space    used 1321K, capacity 1548K, committed 1664K, reserved 1048576K

Card table byte_map: [0x0000000012210000,0x0000000012420000] byte_map_base: 0x0000000011c10000

Marking Bits: (ParMarkBitMap*) 0x0000000071bc4040
 Begin Bits: [0x0000000012d80000, 0x0000000013d80000)
 End Bits:   [0x0000000013d80000, 0x0000000014d80000)

Polling page: 0x0000000000ea0000

CodeCache: size=245760Kb used=3556Kb max_used=3567Kb free=242203Kb
 bounds [0x0000000002e50000, 0x00000000031d0000, 0x0000000011e50000]
 total_blobs=1246 nmethods=889 adapters=278
 compilation: enabled

Compilation events (10 events):
Event: 4.106 Thread 0x000000001798f800  880       3       java.nio.CharBuffer::array (35 bytes)
Event: 4.106 Thread 0x000000001798f800 nmethod 880 0x00000000031c58d0 code [0x00000000031c5a60, 0x00000000031c5d98]
Event: 4.106 Thread 0x000000001798f800  881       3       java.util.concurrent.ConcurrentHashMap::get (162 bytes)
Event: 4.106 Thread 0x000000001798f800 nmethod 881 0x00000000031c5f10 code [0x00000000031c6120, 0x00000000031c6cf8]
Event: 4.106 Thread 0x000000001798f800  882       3       java.text.DontCareFieldPosition$1::formatted (1 bytes)
Event: 4.106 Thread 0x000000001798f800 nmethod 882 0x00000000031c7190 code [0x00000000031c72e0, 0x00000000031c7430]
Event: 4.107 Thread 0x000000001798f800  884       3       java.util.Calendar::complete (40 bytes)
Event: 4.107 Thread 0x000000001798d000  886       4       sun.nio.cs.SingleByte$Encoder::encode (32 bytes)
Event: 4.107 Thread 0x000000001798f800 nmethod 884 0x00000000031c7890 code [0x00000000031c7a20, 0x00000000031c7e18]
Event: 4.107 Thread 0x000000001798f800  887       3       org.jboss.logmanager.formatters.Formatters$JustifyingFormatStep::render (227 bytes)

GC Heap History (0 events):
No events

Deoptimization events (10 events):
Event: 1.951 Thread 0x0000000002d53800 Uncommon trap: reason=class_check action=maybe_recompile pc=0x00000000030507a8 method=java.util.HashMap.putVal(ILjava/lang/Object;Ljava/lang/Object;ZZ)Ljava/lang/Object; @ 91
Event: 3.707 Thread 0x0000000002d53800 Uncommon trap: reason=class_check action=maybe_recompile pc=0x0000000003050738 method=java.util.HashMap.putVal(ILjava/lang/Object;Ljava/lang/Object;ZZ)Ljava/lang/Object; @ 253
Event: 3.710 Thread 0x0000000002d53800 Uncommon trap: reason=class_check action=maybe_recompile pc=0x0000000003050738 method=java.util.HashMap.putVal(ILjava/lang/Object;Ljava/lang/Object;ZZ)Ljava/lang/Object; @ 253
Event: 3.716 Thread 0x0000000002d53800 Uncommon trap: reason=unstable_if action=reinterpret pc=0x000000000311526c method=java.util.HashMap.getNode(ILjava/lang/Object;)Ljava/util/HashMap$Node; @ 62
Event: 3.716 Thread 0x0000000002d53800 Uncommon trap: reason=class_check action=maybe_recompile pc=0x000000000304f074 method=java.util.HashMap.putVal(ILjava/lang/Object;Ljava/lang/Object;ZZ)Ljava/lang/Object; @ 91
Event: 3.716 Thread 0x0000000002d53800 Uncommon trap: reason=unstable_if action=reinterpret pc=0x00000000030f9100 method=java.util.HashMap.getNode(ILjava/lang/Object;)Ljava/util/HashMap$Node; @ 62
Event: 4.065 Thread 0x0000000002d53800 Uncommon trap: reason=class_check action=maybe_recompile pc=0x000000000308b208 method=java.util.HashSet.add(Ljava/lang/Object;)Z @ 8
Event: 4.065 Thread 0x0000000002d53800 Uncommon trap: reason=class_check action=maybe_recompile pc=0x000000000308b208 method=java.util.HashSet.add(Ljava/lang/Object;)Z @ 8
Event: 4.065 Thread 0x0000000002d53800 Uncommon trap: reason=class_check action=maybe_recompile pc=0x000000000308b208 method=java.util.HashSet.add(Ljava/lang/Object;)Z @ 8
Event: 4.065 Thread 0x0000000002d53800 Uncommon trap: reason=class_check action=maybe_recompile pc=0x000000000308b208 method=java.util.HashSet.add(Ljava/lang/Object;)Z @ 8

Internal exceptions (10 events):
Event: 3.753 Thread 0x0000000002d53800 Exception <a 'java/lang/ArrayIndexOutOfBoundsException'> (0x00000000eceff678) thrown at [C:\re\workspace\8-2-build-windows-amd64-cygwin\jdk8u45\3627\hotspot\src\share\vm\runtime\sharedRuntime.cpp, line 605]
Event: 3.754 Thread 0x0000000002d53800 Exception <a 'java/lang/ArrayIndexOutOfBoundsException'> (0x00000000ecf03838) thrown at [C:\re\workspace\8-2-build-windows-amd64-cygwin\jdk8u45\3627\hotspot\src\share\vm\runtime\sharedRuntime.cpp, line 605]
Event: 3.754 Thread 0x0000000002d53800 Exception <a 'java/lang/ArrayIndexOutOfBoundsException'> (0x00000000ecf05cd0) thrown at [C:\re\workspace\8-2-build-windows-amd64-cygwin\jdk8u45\3627\hotspot\src\share\vm\runtime\sharedRuntime.cpp, line 605]
Event: 3.754 Thread 0x0000000002d53800 Exception <a 'java/lang/ArrayIndexOutOfBoundsException'> (0x00000000ecf07458) thrown at [C:\re\workspace\8-2-build-windows-amd64-cygwin\jdk8u45\3627\hotspot\src\share\vm\runtime\sharedRuntime.cpp, line 605]
Event: 3.755 Thread 0x0000000002d53800 Exception <a 'java/lang/ArrayIndexOutOfBoundsException'> (0x00000000ecf0a9a0) thrown at [C:\re\workspace\8-2-build-windows-amd64-cygwin\jdk8u45\3627\hotspot\src\share\vm\runtime\sharedRuntime.cpp, line 605]
Event: 3.755 Thread 0x0000000002d53800 Exception <a 'java/lang/ArrayIndexOutOfBoundsException'> (0x00000000ecf0b998) thrown at [C:\re\workspace\8-2-build-windows-amd64-cygwin\jdk8u45\3627\hotspot\src\share\vm\runtime\sharedRuntime.cpp, line 605]
Event: 3.755 Thread 0x0000000002d53800 Exception <a 'java/lang/ArrayIndexOutOfBoundsException'> (0x00000000ecf0cc80) thrown at [C:\re\workspace\8-2-build-windows-amd64-cygwin\jdk8u45\3627\hotspot\src\share\vm\runtime\sharedRuntime.cpp, line 605]
Event: 4.045 Thread 0x0000000002d53800 Exception <a 'java/lang/ArrayIndexOutOfBoundsException'> (0x00000000ed12b040) thrown at [C:\re\workspace\8-2-build-windows-amd64-cygwin\jdk8u45\3627\hotspot\src\share\vm\runtime\sharedRuntime.cpp, line 605]
Event: 4.046 Thread 0x0000000002d53800 Exception <a 'java/lang/ArrayIndexOutOfBoundsException'> (0x00000000ed12f788) thrown at [C:\re\workspace\8-2-build-windows-amd64-cygwin\jdk8u45\3627\hotspot\src\share\vm\runtime\sharedRuntime.cpp, line 605]
Event: 4.099 Thread 0x0000000002d53800 Exception <a 'java/lang/OutOfMemoryError'> (0x00000000ed299d50) thrown at [C:\re\workspace\8-2-build-windows-amd64-cygwin\jdk8u45\3627\hotspot\src\share\vm\prims\jni.cpp, line 735]

Events (10 events):
Event: 4.101 Thread 0x0000000002d53800 DEOPT PACKING pc=0x00000000030baaf4 sp=0x0000000002d4c660
Event: 4.101 Thread 0x0000000002d53800 DEOPT UNPACKING pc=0x0000000002e9787f sp=0x0000000002d4c3a0 mode 1
Event: 4.101 Thread 0x0000000002d53800 DEOPT PACKING pc=0x00000000030bb29c sp=0x0000000002d4c6f0
Event: 4.101 Thread 0x0000000002d53800 DEOPT UNPACKING pc=0x0000000002e9787f sp=0x0000000002d4c430 mode 1
Event: 4.101 loading class java/lang/Throwable$WrappedPrintStream
Event: 4.101 loading class java/lang/Throwable$PrintStreamOrWriter
Event: 4.101 loading class java/lang/Throwable$PrintStreamOrWriter done
Event: 4.101 loading class java/lang/Throwable$WrappedPrintStream done
Event: 4.102 loading class java/util/IdentityHashMap$KeySet
Event: 4.102 loading class java/util/IdentityHashMap$KeySet done


Dynamic libraries:
0x00007ff612ec0000 - 0x00007ff612ef7000 	C:\Program Files\Java\jdk1.8.0_45\bin\javaw.exe
0x00007ffc442d0000 - 0x00007ffc444b1000 	C:\WINDOWS\SYSTEM32\ntdll.dll
0x00007ffc41980000 - 0x00007ffc41a32000 	C:\WINDOWS\System32\KERNEL32.DLL
0x00007ffc411b0000 - 0x00007ffc41423000 	C:\WINDOWS\System32\KERNELBASE.dll
0x00007ffc41760000 - 0x00007ffc41801000 	C:\WINDOWS\System32\ADVAPI32.dll
0x00007ffc43920000 - 0x00007ffc439be000 	C:\WINDOWS\System32\msvcrt.dll
0x00007ffc41a40000 - 0x00007ffc41a9b000 	C:\WINDOWS\System32\sechost.dll
0x00007ffc43620000 - 0x00007ffc43744000 	C:\WINDOWS\System32\RPCRT4.dll
0x00007ffc43140000 - 0x00007ffc432d0000 	C:\WINDOWS\System32\USER32.dll
0x00007ffc416f0000 - 0x00007ffc41710000 	C:\WINDOWS\System32\win32u.dll
0x00007ffc438f0000 - 0x00007ffc43918000 	C:\WINDOWS\System32\GDI32.dll
0x00007ffc41550000 - 0x00007ffc416e2000 	C:\WINDOWS\System32\gdi32full.dll
0x00007ffc414b0000 - 0x00007ffc4154f000 	C:\WINDOWS\System32\msvcp_win.dll
0x00007ffc407b0000 - 0x00007ffc408aa000 	C:\WINDOWS\System32\ucrtbase.dll
0x00007ffc2d2c0000 - 0x00007ffc2d529000 	C:\WINDOWS\WinSxS\amd64_microsoft.windows.common-controls_6595b64144ccf1df_6.0.17134.48_none_b4b2216a3cb4dd3e\COMCTL32.dll
0x00007ffc43a80000 - 0x00007ffc43da3000 	C:\WINDOWS\System32\combase.dll
0x00007ffc41430000 - 0x00007ffc414aa000 	C:\WINDOWS\System32\bcryptPrimitives.dll
0x00007ffc41810000 - 0x00007ffc4183d000 	C:\WINDOWS\System32\IMM32.DLL
0x0000000070c60000 - 0x0000000070d32000 	C:\Program Files\Java\jdk1.8.0_45\jre\bin\msvcr100.dll
0x00000000713c0000 - 0x0000000071c43000 	C:\Program Files\Java\jdk1.8.0_45\jre\bin\server\jvm.dll
0x00007ffc44290000 - 0x00007ffc44298000 	C:\WINDOWS\System32\PSAPI.DLL
0x00007ffc34560000 - 0x00007ffc3456a000 	C:\WINDOWS\SYSTEM32\VERSION.dll
0x00007ffc3c6f0000 - 0x00007ffc3c713000 	C:\WINDOWS\SYSTEM32\WINMM.dll
0x00007ffc2b4a0000 - 0x00007ffc2b4a9000 	C:\WINDOWS\SYSTEM32\WSOCK32.dll
0x00007ffc41840000 - 0x00007ffc418ac000 	C:\WINDOWS\System32\WS2_32.dll
0x00007ffc3c620000 - 0x00007ffc3c64a000 	C:\WINDOWS\SYSTEM32\WINMMBASE.dll
0x00007ffc41710000 - 0x00007ffc41759000 	C:\WINDOWS\System32\cfgmgr32.dll
0x0000000071fa0000 - 0x0000000071faf000 	C:\Program Files\Java\jdk1.8.0_45\jre\bin\verify.dll
0x0000000071f70000 - 0x0000000071f99000 	C:\Program Files\Java\jdk1.8.0_45\jre\bin\java.dll
0x0000000070c20000 - 0x0000000070c55000 	C:\Program Files\Java\jdk1.8.0_45\jre\bin\jdwp.dll
0x0000000070c10000 - 0x0000000070c18000 	C:\Program Files\Java\jdk1.8.0_45\jre\bin\npt.dll
0x00000000713a0000 - 0x00000000713b6000 	C:\Program Files\Java\jdk1.8.0_45\jre\bin\zip.dll
0x00007ffc41d00000 - 0x00007ffc43140000 	C:\WINDOWS\System32\SHELL32.dll
0x00007ffc43470000 - 0x00007ffc43519000 	C:\WINDOWS\System32\shcore.dll
0x00007ffc40aa0000 - 0x00007ffc411ad000 	C:\WINDOWS\System32\windows.storage.dll
0x00007ffc439c0000 - 0x00007ffc43a11000 	C:\WINDOWS\System32\shlwapi.dll
0x00007ffc40630000 - 0x00007ffc40641000 	C:\WINDOWS\System32\kernel.appcore.dll
0x00007ffc40650000 - 0x00007ffc4066f000 	C:\WINDOWS\System32\profapi.dll
0x00007ffc405e0000 - 0x00007ffc4062c000 	C:\WINDOWS\System32\powrprof.dll
0x00007ffc40690000 - 0x00007ffc4069a000 	C:\WINDOWS\System32\FLTLIB.DLL
0x0000000070c00000 - 0x0000000070c09000 	C:\Program Files\Java\jdk1.8.0_45\jre\bin\dt_socket.dll
0x00007ffc2b580000 - 0x00007ffc2b596000 	C:\WINDOWS\system32\napinsp.dll
0x00007ffc2b560000 - 0x00007ffc2b57a000 	C:\WINDOWS\system32\pnrpnsp.dll
0x00007ffc3c230000 - 0x00007ffc3c249000 	C:\WINDOWS\system32\NLAapi.dll
0x00007ffc3fe00000 - 0x00007ffc3fe66000 	C:\WINDOWS\System32\mswsock.dll
0x00007ffc3fbc0000 - 0x00007ffc3fc7e000 	C:\WINDOWS\SYSTEM32\DNSAPI.dll
0x00007ffc43db0000 - 0x00007ffc43db8000 	C:\WINDOWS\System32\NSI.dll
0x00007ffc3fb80000 - 0x00007ffc3fbb8000 	C:\WINDOWS\SYSTEM32\IPHLPAPI.DLL
0x00007ffc2b550000 - 0x00007ffc2b55e000 	C:\WINDOWS\System32\winrnr.dll
0x00007ffc39450000 - 0x00007ffc394c2000 	C:\WINDOWS\System32\fwpuclnt.dll
0x00007ffc40140000 - 0x00007ffc40165000 	C:\WINDOWS\SYSTEM32\bcrypt.dll
0x00007ffc394e0000 - 0x00007ffc394ea000 	C:\Windows\System32\rasadhlp.dll
0x0000000070bf0000 - 0x0000000070bfd000 	C:\Program Files\Java\jdk1.8.0_45\jre\bin\management.dll
0x0000000071380000 - 0x000000007139a000 	C:\Program Files\Java\jdk1.8.0_45\jre\bin\net.dll
0x0000000071360000 - 0x0000000071371000 	C:\Program Files\Java\jdk1.8.0_45\jre\bin\nio.dll

VM Arguments:
jvm_args: -agentlib:jdwp=transport=dt_socket,suspend=y,address=localhost:63314 -Dprogram.name=JBossTools: Taikhoan -Xms1024m -Xmx1024m -XX:MaxPermSize=256m -Dorg.jboss.resolver.warning=true -Djava.net.preferIPv4Stack=true -Dsun.rmi.dgc.client.gcInterval=3600000 -Dsun.rmi.dgc.server.gcInterval=3600000 -Djboss.modules.system.pkgs=org.jboss.byteman -Djava.awt.headless=true -Dorg.jboss.boot.log.file=D:/IDE_CODE/IDE/IDE/Server/server tai khoan/standalone/log/boot.log -Dlogging.configuration=file:/D:/IDE_CODE/IDE/IDE/Server/server%20tai%20khoan/standalone/configuration/logging.properties -Djboss.home.dir=D:/IDE_CODE/IDE/IDE/Server/server tai khoan -Dorg.jboss.logmanager.nocolor=true -Djboss.bind.address.management=localhost -Dfile.encoding=Cp1252 
java_command: org.jboss.modules.Main -mp D:/IDE_CODE/IDE/IDE/Server/server tai khoan/modules -jaxpmodule javax.xml.jaxp-provider org.jboss.as.standalone -b localhost --server-config=standalone.xml -Djboss.server.base.dir=D:\IDE_CODE\IDE\IDE\Server\server tai khoan\standalone
java_class_path (initial): D:\IDE_CODE\IDE\IDE\Server\server tai khoan\jboss-modules.jar
Launcher Type: SUN_STANDARD

Environment Variables:
JAVA_HOME=C:\Program Files\Java\jdk1.8.0_45
PATH=C:\Program Files\Java\jdk1.8.0_45\jre\bin;native;C:/Program Files/Java/jdk1.8.0_45/bin/../jre/bin/server;C:/Program Files/Java/jdk1.8.0_45/bin/../jre/bin;C:/Program Files/Java/jdk1.8.0_45/bin/../jre/lib/amd64;C:\Program Files\Java\jdk1.8.0_45\bin;C:\ProgramData\Oracle\Java\javapath;C:\Program Files (x86)\Intel\iCLS Client\;C:\Program Files\Intel\iCLS Client\;C:\WINDOWS\system32;C:\WINDOWS;C:\WINDOWS\System32\Wbem;C:\WINDOWS\System32\WindowsPowerShell\v1.0\;C:\Program Files\Intel\Intel(R) Management Engine Components\DAL;C:\Program Files (x86)\Intel\Intel(R) Management Engine Components\DAL;C:\Program Files\Intel\Intel(R) Management Engine Components\IPT;C:\Program Files (x86)\Intel\Intel(R) Management Engine Components\IPT;C:\WINDOWS\system32;C:\WINDOWS;C:\WINDOWS\System32\Wbem;C:\WINDOWS\System32\WindowsPowerShell\v1.0\;E:\Repositories\bin;C:\Program Files\Microsoft SQL Server\Client SDK\ODBC\110\Tools\Binn\;C:\Program Files (x86)\Microsoft SQL Server\120\Tools\Binn\;C:\Program Files\Microsoft SQL Server\120\Tools\Binn\;C:\Program Files\Microsoft SQL Server\120\DTS\Binn\;C:\Program Files (x86)\Microsoft SQL Server\120\Tools\Binn\ManagementStudio\;C:\Program Files (x86)\Microsoft SQL Server\120\DTS\Binn\;C:\WINDOWS\System32\OpenSSH\;C:\Windows\system32;%USERPROFILE%\AppData\Local\Microsoft\WindowsApps;;D:\IDE_CODE\IDE\IDE\eclipse_tong hop;
USERNAME=vantrong
OS=Windows_NT
PROCESSOR_IDENTIFIER=Intel64 Family 6 Model 60 Stepping 3, GenuineIntel



---------------  S Y S T E M  ---------------

OS: Windows 10.0 , 64 bit Build 17134 (10.0.17134.1)

CPU:total 8 (4 cores per cpu, 2 threads per core) family 6 model 60 stepping 3, cmov, cx8, fxsr, mmx, sse, sse2, sse3, ssse3, sse4.1, sse4.2, popcnt, avx, avx2, aes, clmul, erms, lzcnt, ht, tsc, tscinvbit, bmi1, bmi2

Memory: 4k page, physical 16675136k(7463368k free), swap 31218584k(3464k free)

vm_info: Java HotSpot(TM) 64-Bit Server VM (25.45-b02) for windows-amd64 JRE (1.8.0_45-b15), built on Apr 30 2015 12:40:44 by "java_re" with MS VC++ 10.0 (VS2010)

time: Fri Jun 01 07:21:27 2018
elapsed time: 4 seconds (0d 0h 0m 4s)

