#
# There is insufficient memory for the Java Runtime Environment to continue.
# Native memory allocation (malloc) failed to allocate 1502256 bytes for Chunk::new
# Possible reasons:
#   The system is out of physical RAM or swap space
#   In 32 bit mode, the process size limit was hit
# Possible solutions:
#   Reduce memory load on the system
#   Increase physical memory or swap space
#   Check if swap backing store is full
#   Use 64 bit Java on a 64 bit OS
#   Decrease Java heap size (-Xmx/-Xms)
#   Decrease number of Java threads
#   Decrease Java thread stack sizes (-Xss)
#   Set larger code cache with -XX:ReservedCodeCacheSize=
# This output file may be truncated or incomplete.
#
#  Out of Memory Error (allocation.cpp:390), pid=7008, tid=9696
#
# JRE version: Java(TM) SE Runtime Environment (8.0_45-b15) (build 1.8.0_45-b15)
# Java VM: Java HotSpot(TM) 64-Bit Server VM (25.45-b02 mixed mode windows-amd64 compressed oops)
# Failed to write core dump. Minidumps are not enabled by default on client versions of Windows
#

---------------  T H R E A D  ---------------

Current thread (0x0000000016977000):  JavaThread "C2 CompilerThread1" daemon [_thread_in_native, id=9696, stack(0x0000000017660000,0x0000000017760000)]

Stack: [0x0000000017660000,0x0000000017760000]
Native frames: (J=compiled Java code, j=interpreted, Vv=VM code, C=native code)
V  [jvm.dll+0x32b57a]
V  [jvm.dll+0x279873]
V  [jvm.dll+0x27a509]
V  [jvm.dll+0x271825]
V  [jvm.dll+0xcb9e2]
V  [jvm.dll+0xcbeac]
V  [jvm.dll+0x476ef2]
V  [jvm.dll+0x4b955f]
V  [jvm.dll+0x46bc14]
V  [jvm.dll+0x46ccbe]
V  [jvm.dll+0x4500f2]
V  [jvm.dll+0xa4352]
V  [jvm.dll+0xa4c8f]
V  [jvm.dll+0x241984]
V  [jvm.dll+0x29853a]
C  [msvcr100.dll+0x21d9f]
C  [msvcr100.dll+0x21e3b]
C  [KERNEL32.DLL+0x13034]
C  [ntdll.dll+0x71551]


Current CompileTask:
C2:   7375 3982 % !   4       org.jboss.modules.Module::addExportedPaths @ 813 (1432 bytes)


---------------  P R O C E S S  ---------------

Java Threads: ( => current thread )
  0x0000000018037000 JavaThread "ClassLoader Thread" daemon [_thread_blocked, id=336, stack(0x0000000027f00000,0x0000000028000000)]
  0x0000000018030800 JavaThread "ServerService Thread Pool -- 50" [_thread_in_vm_trans, id=5132, stack(0x00000000278f0000,0x00000000279f0000)]
  0x000000001802f800 JavaThread "ServerService Thread Pool -- 49" [_thread_in_native, id=8784, stack(0x00000000277f0000,0x00000000278f0000)]
  0x000000001e41e000 JavaThread "ServerService Thread Pool -- 48" [_thread_in_vm, id=10496, stack(0x00000000276f0000,0x00000000277f0000)]
  0x000000001e41d000 JavaThread "Keep-Alive-Timer" daemon [_thread_blocked, id=6988, stack(0x0000000026240000,0x0000000026340000)]
  0x000000001e41b000 JavaThread "management-handler-thread - 4" [_thread_blocked, id=10188, stack(0x0000000025f40000,0x0000000026040000)]
  0x000000001e41a000 JavaThread "management-handler-thread - 3" [_thread_blocked, id=1608, stack(0x0000000025e40000,0x0000000025f40000)]
  0x000000001e41e800 JavaThread "management-handler-thread - 2" [_thread_blocked, id=11424, stack(0x0000000025d40000,0x0000000025e40000)]
  0x000000001e418800 JavaThread "management-handler-thread - 1" [_thread_blocked, id=1932, stack(0x0000000025c40000,0x0000000025d40000)]
  0x000000001e419000 JavaThread "Remoting "ittrong:MANAGEMENT" task-4" [_thread_blocked, id=1884, stack(0x0000000025b40000,0x0000000025c40000)]
  0x000000001e41f800 JavaThread "Remoting "ittrong:MANAGEMENT" task-3" [_thread_blocked, id=8908, stack(0x0000000025a40000,0x0000000025b40000)]
  0x000000001e41c800 JavaThread "Remoting "ittrong:MANAGEMENT" task-2" [_thread_blocked, id=12020, stack(0x0000000025940000,0x0000000025a40000)]
  0x000000001e411000 JavaThread "Remoting "ittrong:MANAGEMENT" task-1" [_thread_blocked, id=5960, stack(0x0000000025840000,0x0000000025940000)]
  0x000000001e412800 JavaThread "RMI TCP Accept-0" daemon [_thread_in_native, id=12944, stack(0x0000000024540000,0x0000000024640000)]
  0x000000001e417800 JavaThread "http-localhost/127.0.0.1:8280-1" daemon [_thread_blocked, id=3056, stack(0x0000000024340000,0x0000000024440000)]
  0x000000001e414000 JavaThread "Thread-71" [_thread_in_native, id=8000, stack(0x0000000024240000,0x0000000024340000)]
  0x000000001e415800 JavaThread "server-timer" daemon [_thread_blocked, id=8668, stack(0x0000000023f40000,0x0000000024040000)]
  0x000000001e417000 JavaThread "Transaction Reaper Worker 0" daemon [_thread_blocked, id=15148, stack(0x0000000023c40000,0x0000000023d40000)]
  0x000000001e413000 JavaThread "Transaction Reaper" daemon [_thread_blocked, id=668, stack(0x0000000023b40000,0x0000000023c40000)]
  0x000000001e411800 JavaThread "Periodic Recovery" [_thread_blocked, id=14812, stack(0x0000000023840000,0x0000000023940000)]
  0x000000001e414800 JavaThread "http-localhost/127.0.0.1:8280-Acceptor-0" daemon [_thread_in_native, id=13124, stack(0x0000000023740000,0x0000000023840000)]
  0x000000001e416000 JavaThread "http-localhost/127.0.0.1:8280-Poller" daemon [_thread_blocked, id=3664, stack(0x0000000023640000,0x0000000023740000)]
  0x0000000018e7e800 JavaThread "Transaction Expired Entry Monitor" daemon [_thread_blocked, id=12088, stack(0x0000000023540000,0x0000000023640000)]
  0x0000000018e7d000 JavaThread "Timer-0" [_thread_blocked, id=5696, stack(0x0000000023440000,0x0000000023540000)]
  0x0000000018e82800 JavaThread "ejb-client-context-tasks-2-thread-2" daemon [_thread_blocked, id=8428, stack(0x0000000023340000,0x0000000023440000)]
  0x0000000018e84000 JavaThread "ejb-client-context-tasks-2-thread-1" daemon [_thread_blocked, id=11860, stack(0x0000000023240000,0x0000000023340000)]
  0x0000000018e83000 JavaThread "ContainerBackgroundProcessor[StandardEngine[jboss.web]]" daemon [_thread_blocked, id=780, stack(0x0000000023140000,0x0000000023240000)]
  0x0000000018e80000 JavaThread "Abandoned connection cleanup thread" daemon [_thread_blocked, id=3148, stack(0x0000000023040000,0x0000000023140000)]
  0x0000000018e7f800 JavaThread "Remoting "ittrong" write-1" [_thread_in_native, id=9956, stack(0x0000000022f40000,0x0000000023040000)]
  0x0000000018e81800 JavaThread "Remoting "ittrong" read-1" [_thread_in_native, id=14040, stack(0x0000000022e40000,0x0000000022f40000)]
  0x0000000018e81000 JavaThread "Remoting "ittrong:MANAGEMENT" write-1" [_thread_in_native, id=4220, stack(0x0000000022d40000,0x0000000022e40000)]
  0x0000000018e7e000 JavaThread "Remoting "ittrong:MANAGEMENT" read-1" [_thread_in_native, id=1796, stack(0x0000000022c40000,0x0000000022d40000)]
  0x000000001ea65800 JavaThread "IdleRemover" daemon [_thread_blocked, id=1844, stack(0x0000000022740000,0x0000000022840000)]
  0x000000001ea64800 JavaThread "ConnectionValidator" daemon [_thread_blocked, id=3168, stack(0x00000000211b0000,0x00000000212b0000)]
  0x000000001ea64000 JavaThread "ServerService Thread Pool -- 47" [_thread_blocked, id=11244, stack(0x00000000210b0000,0x00000000211b0000)]
  0x000000001ea63000 JavaThread "ServerService Thread Pool -- 46" [_thread_blocked, id=10428, stack(0x0000000020fb0000,0x00000000210b0000)]
  0x000000001ea62800 JavaThread "ServerService Thread Pool -- 45" [_thread_blocked, id=13868, stack(0x0000000020eb0000,0x0000000020fb0000)]
  0x000000001ea61800 JavaThread "ServerService Thread Pool -- 44" [_thread_blocked, id=13876, stack(0x0000000020db0000,0x0000000020eb0000)]
  0x000000001ea5a000 JavaThread "ServerService Thread Pool -- 43" [_thread_blocked, id=11180, stack(0x0000000020cb0000,0x0000000020db0000)]
  0x000000001ea60000 JavaThread "ServerService Thread Pool -- 42" [_thread_blocked, id=4540, stack(0x0000000020bb0000,0x0000000020cb0000)]
  0x000000001ea61000 JavaThread "ServerService Thread Pool -- 41" [_thread_blocked, id=9224, stack(0x0000000020ab0000,0x0000000020bb0000)]
  0x000000001ea58800 JavaThread "ServerService Thread Pool -- 40" [_thread_blocked, id=984, stack(0x00000000209b0000,0x0000000020ab0000)]
  0x000000001ea5b800 JavaThread "ServerService Thread Pool -- 39" [_thread_blocked, id=8728, stack(0x00000000208b0000,0x00000000209b0000)]
  0x000000001ea5f000 JavaThread "ServerService Thread Pool -- 38" [_thread_blocked, id=3988, stack(0x00000000207b0000,0x00000000208b0000)]
  0x000000001ea57800 JavaThread "ServerService Thread Pool -- 37" [_thread_blocked, id=13100, stack(0x00000000206b0000,0x00000000207b0000)]
  0x000000001ea5e800 JavaThread "ServerService Thread Pool -- 36" [_thread_blocked, id=10920, stack(0x00000000205b0000,0x00000000206b0000)]
  0x000000001ea5d000 JavaThread "ServerService Thread Pool -- 35" [_thread_blocked, id=3960, stack(0x00000000204b0000,0x00000000205b0000)]
  0x000000001ea59000 JavaThread "ServerService Thread Pool -- 34" [_thread_blocked, id=12092, stack(0x00000000203b0000,0x00000000204b0000)]
  0x000000001ea5d800 JavaThread "ServerService Thread Pool -- 33" [_thread_blocked, id=13120, stack(0x00000000202b0000,0x00000000203b0000)]
  0x000000001ea5c000 JavaThread "ServerService Thread Pool -- 32" [_thread_blocked, id=1336, stack(0x00000000201b0000,0x00000000202b0000)]
  0x000000001ea5a800 JavaThread "ServerService Thread Pool -- 31" [_thread_blocked, id=7596, stack(0x00000000200b0000,0x00000000201b0000)]
  0x000000001ea57000 JavaThread "ServerService Thread Pool -- 30" [_thread_blocked, id=7052, stack(0x000000001ffb0000,0x00000000200b0000)]
  0x000000001c9d6800 JavaThread "ServerService Thread Pool -- 29" [_thread_blocked, id=11172, stack(0x000000001feb0000,0x000000001ffb0000)]
  0x000000001c9d5800 JavaThread "ServerService Thread Pool -- 28" [_thread_blocked, id=9996, stack(0x000000001fdb0000,0x000000001feb0000)]
  0x000000001c9d3000 JavaThread "ServerService Thread Pool -- 27" [_thread_blocked, id=13276, stack(0x000000001fcb0000,0x000000001fdb0000)]
  0x000000001c9da000 JavaThread "ServerService Thread Pool -- 26" [_thread_blocked, id=10060, stack(0x000000001fbb0000,0x000000001fcb0000)]
  0x000000001c9d4800 JavaThread "ServerService Thread Pool -- 25" [_thread_blocked, id=12756, stack(0x000000001fab0000,0x000000001fbb0000)]
  0x000000001c9d7000 JavaThread "DeploymentScanner-threads - 2" [_thread_blocked, id=5396, stack(0x000000001f3e0000,0x000000001f4e0000)]
  0x000000001c9d9800 JavaThread "DeploymentScanner-threads - 1" [_thread_blocked, id=6012, stack(0x000000001f190000,0x000000001f290000)]
  0x000000001c9d4000 JavaThread "ServerService Thread Pool -- 24" [_thread_blocked, id=1620, stack(0x000000001f090000,0x000000001f190000)]
  0x000000001c9d8000 JavaThread "ServerService Thread Pool -- 23" [_thread_blocked, id=7692, stack(0x000000001dce0000,0x000000001dde0000)]
  0x00000000194a8800 JavaThread "ServerService Thread Pool -- 22" [_thread_blocked, id=1588, stack(0x000000001d9e0000,0x000000001dae0000)]
  0x00000000194af000 JavaThread "ServerService Thread Pool -- 21" [_thread_blocked, id=15176, stack(0x000000001d8e0000,0x000000001d9e0000)]
  0x00000000194ae800 JavaThread "ServerService Thread Pool -- 20" [_thread_blocked, id=13292, stack(0x000000001d7e0000,0x000000001d8e0000)]
  0x00000000194a7000 JavaThread "ServerService Thread Pool -- 19" [_thread_blocked, id=9916, stack(0x000000001d6e0000,0x000000001d7e0000)]
  0x00000000194ad800 JavaThread "ServerService Thread Pool -- 18" [_thread_blocked, id=11692, stack(0x000000001d5e0000,0x000000001d6e0000)]
  0x00000000194a6000 JavaThread "ServerService Thread Pool -- 17" [_thread_blocked, id=3556, stack(0x000000001d4e0000,0x000000001d5e0000)]
  0x00000000194aa000 JavaThread "ServerService Thread Pool -- 16" [_thread_blocked, id=13456, stack(0x000000001d3e0000,0x000000001d4e0000)]
  0x00000000194ac000 JavaThread "ServerService Thread Pool -- 15" [_thread_blocked, id=8112, stack(0x000000001d2e0000,0x000000001d3e0000)]
  0x00000000194ab800 JavaThread "ServerService Thread Pool -- 14" [_thread_blocked, id=3476, stack(0x000000001d1e0000,0x000000001d2e0000)]
  0x00000000194ad000 JavaThread "ServerService Thread Pool -- 13" [_thread_blocked, id=1872, stack(0x000000001d0e0000,0x000000001d1e0000)]
  0x00000000194a7800 JavaThread "ServerService Thread Pool -- 12" [_thread_blocked, id=1080, stack(0x000000001c010000,0x000000001c110000)]
  0x00000000194a9000 JavaThread "ServerService Thread Pool -- 11" [_thread_blocked, id=12568, stack(0x000000001bf10000,0x000000001c010000)]
  0x00000000194a0000 JavaThread "ServerService Thread Pool -- 10" [_thread_blocked, id=4864, stack(0x000000001be10000,0x000000001bf10000)]
  0x00000000194a5800 JavaThread "ServerService Thread Pool -- 9" [_thread_blocked, id=9476, stack(0x000000001bd10000,0x000000001be10000)]
  0x00000000194a1800 JavaThread "ServerService Thread Pool -- 8" [_thread_blocked, id=11164, stack(0x000000001bc10000,0x000000001bd10000)]
  0x00000000194a4800 JavaThread "ServerService Thread Pool -- 7" [_thread_blocked, id=4384, stack(0x000000001bb10000,0x000000001bc10000)]
  0x00000000194a1000 JavaThread "ServerService Thread Pool -- 6" [_thread_blocked, id=11128, stack(0x000000001ba10000,0x000000001bb10000)]
  0x00000000194a4000 JavaThread "ServerService Thread Pool -- 5" [_thread_blocked, id=10924, stack(0x000000001b910000,0x000000001ba10000)]
  0x00000000194a3000 JavaThread "ServerService Thread Pool -- 4" [_thread_blocked, id=2260, stack(0x000000001b810000,0x000000001b910000)]
  0x00000000194a2800 JavaThread "ServerService Thread Pool -- 3" [_thread_blocked, id=7448, stack(0x000000001b710000,0x000000001b810000)]
  0x000000001869e800 JavaThread "ServerService Thread Pool -- 2" [_thread_blocked, id=12348, stack(0x000000001b610000,0x000000001b710000)]
  0x000000001869f800 JavaThread "ServerService Thread Pool -- 1" [_thread_blocked, id=4928, stack(0x000000001b510000,0x000000001b610000)]
  0x00000000186a4000 JavaThread "DestroyJavaVM" [_thread_blocked, id=8104, stack(0x0000000002ed0000,0x0000000002fd0000)]
  0x00000000186a3000 JavaThread "Controller Boot Thread" [_thread_blocked, id=9524, stack(0x000000001ac70000,0x000000001ae70000)]
  0x00000000186a1800 JavaThread "MSC service thread 1-16" [_thread_blocked, id=7136, stack(0x000000001a970000,0x000000001aa70000)]
  0x000000001869d800 JavaThread "MSC service thread 1-15" [_thread_blocked, id=3932, stack(0x000000001a870000,0x000000001a970000)]
  0x00000000186a2800 JavaThread "MSC service thread 1-14" [_thread_blocked, id=14488, stack(0x000000001a770000,0x000000001a870000)]
  0x00000000186a4800 JavaThread "MSC service thread 1-13" [_thread_blocked, id=11848, stack(0x000000001a670000,0x000000001a770000)]
  0x00000000186a1000 JavaThread "MSC service thread 1-12" [_thread_blocked, id=10444, stack(0x000000001a570000,0x000000001a670000)]
  0x00000000186a0000 JavaThread "MSC service thread 1-11" [_thread_blocked, id=8412, stack(0x000000001a470000,0x000000001a570000)]
  0x000000001869d000 JavaThread "MSC service thread 1-10" [_thread_blocked, id=11584, stack(0x000000001a370000,0x000000001a470000)]
  0x000000001869c800 JavaThread "MSC service thread 1-9" [_thread_blocked, id=1840, stack(0x000000001a270000,0x000000001a370000)]
  0x000000001862b000 JavaThread "MSC service thread 1-8" [_thread_blocked, id=10476, stack(0x000000001a170000,0x000000001a270000)]
  0x0000000018973800 JavaThread "MSC service thread 1-7" [_thread_blocked, id=13856, stack(0x000000001a070000,0x000000001a170000)]
  0x000000001896e000 JavaThread "MSC service thread 1-6" [_thread_blocked, id=10064, stack(0x0000000019f70000,0x000000001a070000)]
  0x000000001896d000 JavaThread "MSC service thread 1-5" [_thread_blocked, id=11032, stack(0x0000000019e70000,0x0000000019f70000)]
  0x000000001896c800 JavaThread "MSC service thread 1-4" [_thread_blocked, id=11508, stack(0x0000000019d70000,0x0000000019e70000)]
  0x0000000018943000 JavaThread "MSC service thread 1-3" [_thread_blocked, id=5740, stack(0x0000000019b70000,0x0000000019c70000)]
  0x000000001893d800 JavaThread "MSC service thread 1-2" [_thread_blocked, id=11884, stack(0x0000000019a70000,0x0000000019b70000)]
  0x000000001893c800 JavaThread "MSC service thread 1-1" [_thread_blocked, id=11784, stack(0x0000000019970000,0x0000000019a70000)]
  0x0000000016b3d000 JavaThread "Reference Reaper" daemon [_thread_blocked, id=1992, stack(0x0000000017b60000,0x0000000017c60000)]
  0x0000000016a15800 JavaThread "Service Thread" daemon [_thread_blocked, id=8024, stack(0x0000000017960000,0x0000000017a60000)]
  0x0000000016984800 JavaThread "C1 CompilerThread3" daemon [_thread_in_vm, id=1196, stack(0x0000000017860000,0x0000000017960000)]
  0x000000001697b800 JavaThread "C2 CompilerThread2" daemon [_thread_in_native, id=4992, stack(0x0000000017760000,0x0000000017860000)]
=>0x0000000016977000 JavaThread "C2 CompilerThread1" daemon [_thread_in_native, id=9696, stack(0x0000000017660000,0x0000000017760000)]
  0x000000001696f000 JavaThread "C2 CompilerThread0" daemon [_thread_in_native, id=11968, stack(0x0000000017560000,0x0000000017660000)]
  0x0000000016962000 JavaThread "JDWP Command Reader" daemon [_thread_in_native, id=14584, stack(0x0000000017460000,0x0000000017560000)]
  0x0000000016961000 JavaThread "JDWP Event Helper Thread" daemon [_thread_blocked, id=9716, stack(0x0000000017360000,0x0000000017460000)]
  0x000000001695c000 JavaThread "JDWP Transport Listener: dt_socket" daemon [_thread_blocked, id=3124, stack(0x0000000017260000,0x0000000017360000)]
  0x0000000016949800 JavaThread "Attach Listener" daemon [_thread_blocked, id=12436, stack(0x0000000016e20000,0x0000000016f20000)]
  0x000000001495e000 JavaThread "Signal Dispatcher" daemon [_thread_blocked, id=13520, stack(0x0000000016d20000,0x0000000016e20000)]
  0x000000000318c800 JavaThread "Finalizer" daemon [_thread_blocked, id=1468, stack(0x0000000016820000,0x0000000016920000)]
  0x0000000003186000 JavaThread "Reference Handler" daemon [_thread_blocked, id=15164, stack(0x0000000016720000,0x0000000016820000)]

Other Threads:
  0x0000000014949000 VMThread [stack: 0x0000000016620000,0x0000000016720000] [id=9824]
  0x0000000016a26800 WatcherThread [stack: 0x0000000017a60000,0x0000000017b60000] [id=6952]

VM state:not at safepoint (normal execution)

VM Mutex/Monitor currently owned by a thread: None

Heap:
 PSYoungGen      total 137216K, used 97836K [0x00000000f5580000, 0x0000000100000000, 0x0000000100000000)
  eden space 99840K, 97% used [0x00000000f5580000,0x00000000fb50b210,0x00000000fb700000)
  from space 37376K, 0% used [0x00000000fdb80000,0x00000000fdb80000,0x0000000100000000)
  to   space 37376K, 0% used [0x00000000fb700000,0x00000000fb700000,0x00000000fdb80000)
 ParOldGen       total 349696K, used 41992K [0x00000000e0000000, 0x00000000f5580000, 0x00000000f5580000)
  object space 349696K, 12% used [0x00000000e0000000,0x00000000e2902090,0x00000000f5580000)
 Metaspace       used 67375K, capacity 73906K, committed 74004K, reserved 1112064K
  class space    used 8657K, capacity 10768K, committed 10772K, reserved 1048576K

Card table byte_map: [0x0000000012550000,0x0000000012660000] byte_map_base: 0x0000000011e50000

Marking Bits: (ParMarkBitMap*) 0x0000000071bc4040
 Begin Bits: [0x0000000012e60000, 0x0000000013660000)
 End Bits:   [0x0000000013660000, 0x0000000013e60000)

Polling page: 0x0000000000bf0000

CodeCache: size=245760Kb used=11368Kb max_used=11368Kb free=234391Kb
 bounds [0x0000000003190000, 0x0000000003cc0000, 0x0000000012190000]
 total_blobs=4022 nmethods=3438 adapters=503
 compilation: enabled

Compilation events (10 events):
Event: 7.347 Thread 0x0000000016984800 4099       2       com.mysql.jdbc.ConnectionImpl::versionMeetsMinimum (15 bytes)
Event: 7.347 Thread 0x0000000016984800 nmethod 4099 0x0000000003cadd10 code [0x0000000003cade80, 0x0000000003cae058]
Event: 7.347 Thread 0x0000000016984800 4100       2       com.mysql.jdbc.ConnectionImpl::getJavaEncodingForMysqlEncoding (36 bytes)
Event: 7.347 Thread 0x0000000016984800 nmethod 4100 0x0000000003cae190 code [0x0000000003cae320, 0x0000000003cae5b8]
Event: 7.349 Thread 0x0000000016984800 4102   !   2       java.util.concurrent.ConcurrentHashMap::putVal (362 bytes)
Event: 7.351 Thread 0x0000000016984800 nmethod 4102 0x0000000003cae790 code [0x0000000003cae9c0, 0x0000000003caf878]
Event: 7.351 Thread 0x0000000016984800 4103       2       com.mysql.jdbc.ConnectionPropertiesImpl$BooleanConnectionProperty::getValueAsBoolean (11 bytes)
Event: 7.351 Thread 0x0000000016984800 nmethod 4103 0x0000000003cb02d0 code [0x0000000003cb0420, 0x0000000003cb05b0]
Event: 7.351 Thread 0x0000000016984800 4101       2       java.lang.Long::valueOf (36 bytes)
Event: 7.351 Thread 0x0000000016984800 nmethod 4101 0x0000000003cb0690 code [0x0000000003cb0800, 0x0000000003cb09f0]

GC Heap History (10 events):
Event: 4.876 GC heap before
{Heap before GC invocations=11 (full 2):
 PSYoungGen      total 133120K, used 128265K [0x00000000f5580000, 0x0000000100000000, 0x0000000100000000)
  eden space 97792K, 100% used [0x00000000f5580000,0x00000000fb500000,0x00000000fb500000)
  from space 35328K, 86% used [0x00000000fdd80000,0x00000000ffb42590,0x0000000100000000)
  to   space 38400K, 0% used [0x00000000fb500000,0x00000000fb500000,0x00000000fda80000)
 ParOldGen       total 349696K, used 29123K [0x00000000e0000000, 0x00000000f5580000, 0x00000000f5580000)
  object space 349696K, 8% used [0x00000000e0000000,0x00000000e1c70f78,0x00000000f5580000)
 Metaspace       used 43420K, capacity 48312K, committed 48472K, reserved 1091584K
  class space    used 5495K, capacity 6881K, committed 7000K, reserved 1048576K
Event: 4.890 GC heap after
Heap after GC invocations=11 (full 2):
 PSYoungGen      total 105984K, used 7950K [0x00000000f5580000, 0x0000000100000000, 0x0000000100000000)
  eden space 97792K, 0% used [0x00000000f5580000,0x00000000f5580000,0x00000000fb500000)
  from space 8192K, 97% used [0x00000000fb500000,0x00000000fbcc3be0,0x00000000fbd00000)
  to   space 38912K, 0% used [0x00000000fda00000,0x00000000fda00000,0x0000000100000000)
 ParOldGen       total 349696K, used 46796K [0x00000000e0000000, 0x00000000f5580000, 0x00000000f5580000)
  object space 349696K, 13% used [0x00000000e0000000,0x00000000e2db32d0,0x00000000f5580000)
 Metaspace       used 43420K, capacity 48312K, committed 48472K, reserved 1091584K
  class space    used 5495K, capacity 6881K, committed 7000K, reserved 1048576K
}
Event: 5.074 GC heap before
{Heap before GC invocations=12 (full 2):
 PSYoungGen      total 105984K, used 105699K [0x00000000f5580000, 0x0000000100000000, 0x0000000100000000)
  eden space 97792K, 99% used [0x00000000f5580000,0x00000000fb4f5340,0x00000000fb500000)
  from space 8192K, 97% used [0x00000000fb500000,0x00000000fbcc3be0,0x00000000fbd00000)
  to   space 38912K, 0% used [0x00000000fda00000,0x00000000fda00000,0x0000000100000000)
 ParOldGen       total 349696K, used 46796K [0x00000000e0000000, 0x00000000f5580000, 0x00000000f5580000)
  object space 349696K, 13% used [0x00000000e0000000,0x00000000e2db32d0,0x00000000f5580000)
 Metaspace       used 43427K, capacity 48312K, committed 48472K, reserved 1091584K
  class space    used 5495K, capacity 6881K, committed 7000K, reserved 1048576K
Event: 5.079 GC heap after
Heap after GC invocations=12 (full 2):
 PSYoungGen      total 136704K, used 10362K [0x00000000f5580000, 0x0000000100000000, 0x0000000100000000)
  eden space 97792K, 0% used [0x00000000f5580000,0x00000000f5580000,0x00000000fb500000)
  from space 38912K, 26% used [0x00000000fda00000,0x00000000fe41e950,0x0000000100000000)
  to   space 37888K, 0% used [0x00000000fb500000,0x00000000fb500000,0x00000000fda00000)
 ParOldGen       total 349696K, used 48041K [0x00000000e0000000, 0x00000000f5580000, 0x00000000f5580000)
  object space 349696K, 13% used [0x00000000e0000000,0x00000000e2eea648,0x00000000f5580000)
 Metaspace       used 43427K, capacity 48312K, committed 48472K, reserved 1091584K
  class space    used 5495K, capacity 6881K, committed 7000K, reserved 1048576K
}
Event: 6.378 GC heap before
{Heap before GC invocations=13 (full 2):
 PSYoungGen      total 136704K, used 108154K [0x00000000f5580000, 0x0000000100000000, 0x0000000100000000)
  eden space 97792K, 100% used [0x00000000f5580000,0x00000000fb500000,0x00000000fb500000)
  from space 38912K, 26% used [0x00000000fda00000,0x00000000fe41e950,0x0000000100000000)
  to   space 37888K, 0% used [0x00000000fb500000,0x00000000fb500000,0x00000000fda00000)
 ParOldGen       total 349696K, used 48041K [0x00000000e0000000, 0x00000000f5580000, 0x00000000f5580000)
  object space 349696K, 13% used [0x00000000e0000000,0x00000000e2eea648,0x00000000f5580000)
 Metaspace       used 49653K, capacity 55394K, committed 55640K, reserved 1097728K
  class space    used 6306K, capacity 8020K, committed 8024K, reserved 1048576K
Event: 6.387 GC heap after
Heap after GC invocations=13 (full 2):
 PSYoungGen      total 135680K, used 9255K [0x00000000f5580000, 0x0000000100000000, 0x0000000100000000)
  eden space 97792K, 0% used [0x00000000f5580000,0x00000000f5580000,0x00000000fb500000)
  from space 37888K, 24% used [0x00000000fb500000,0x00000000fbe09ec8,0x00000000fda00000)
  to   space 37376K, 0% used [0x00000000fdb80000,0x00000000fdb80000,0x0000000100000000)
 ParOldGen       total 349696K, used 50011K [0x00000000e0000000, 0x00000000f5580000, 0x00000000f5580000)
  object space 349696K, 14% used [0x00000000e0000000,0x00000000e30d6e40,0x00000000f5580000)
 Metaspace       used 49653K, capacity 55394K, committed 55640K, reserved 1097728K
  class space    used 6306K, capacity 8020K, committed 8024K, reserved 1048576K
}
Event: 6.510 GC heap before
{Heap before GC invocations=14 (full 2):
 PSYoungGen      total 135680K, used 30887K [0x00000000f5580000, 0x0000000100000000, 0x0000000100000000)
  eden space 97792K, 22% used [0x00000000f5580000,0x00000000f6a9ff88,0x00000000fb500000)
  from space 37888K, 24% used [0x00000000fb500000,0x00000000fbe09ec8,0x00000000fda00000)
  to   space 37376K, 0% used [0x00000000fdb80000,0x00000000fdb80000,0x0000000100000000)
 ParOldGen       total 349696K, used 50011K [0x00000000e0000000, 0x00000000f5580000, 0x00000000f5580000)
  object space 349696K, 14% used [0x00000000e0000000,0x00000000e30d6e40,0x00000000f5580000)
 Metaspace       used 53127K, capacity 59010K, committed 59028K, reserved 1099776K
  class space    used 6787K, capacity 8592K, committed 8596K, reserved 1048576K
Event: 6.519 GC heap after
Heap after GC invocations=14 (full 2):
 PSYoungGen      total 137216K, used 4059K [0x00000000f5580000, 0x0000000100000000, 0x0000000100000000)
  eden space 99840K, 0% used [0x00000000f5580000,0x00000000f5580000,0x00000000fb700000)
  from space 37376K, 10% used [0x00000000fdb80000,0x00000000fdf76ff8,0x0000000100000000)
  to   space 37376K, 0% used [0x00000000fb700000,0x00000000fb700000,0x00000000fdb80000)
 ParOldGen       total 349696K, used 54075K [0x00000000e0000000, 0x00000000f5580000, 0x00000000f5580000)
  object space 349696K, 15% used [0x00000000e0000000,0x00000000e34cefc8,0x00000000f5580000)
 Metaspace       used 53127K, capacity 59010K, committed 59028K, reserved 1099776K
  class space    used 6787K, capacity 8592K, committed 8596K, reserved 1048576K
}
Event: 6.519 GC heap before
{Heap before GC invocations=15 (full 3):
 PSYoungGen      total 137216K, used 4059K [0x00000000f5580000, 0x0000000100000000, 0x0000000100000000)
  eden space 99840K, 0% used [0x00000000f5580000,0x00000000f5580000,0x00000000fb700000)
  from space 37376K, 10% used [0x00000000fdb80000,0x00000000fdf76ff8,0x0000000100000000)
  to   space 37376K, 0% used [0x00000000fb700000,0x00000000fb700000,0x00000000fdb80000)
 ParOldGen       total 349696K, used 54075K [0x00000000e0000000, 0x00000000f5580000, 0x00000000f5580000)
  object space 349696K, 15% used [0x00000000e0000000,0x00000000e34cefc8,0x00000000f5580000)
 Metaspace       used 53127K, capacity 59010K, committed 59028K, reserved 1099776K
  class space    used 6787K, capacity 8592K, committed 8596K, reserved 1048576K
Event: 6.726 GC heap after
Heap after GC invocations=15 (full 3):
 PSYoungGen      total 137216K, used 0K [0x00000000f5580000, 0x0000000100000000, 0x0000000100000000)
  eden space 99840K, 0% used [0x00000000f5580000,0x00000000f5580000,0x00000000fb700000)
  from space 37376K, 0% used [0x00000000fdb80000,0x00000000fdb80000,0x0000000100000000)
  to   space 37376K, 0% used [0x00000000fb700000,0x00000000fb700000,0x00000000fdb80000)
 ParOldGen       total 349696K, used 41992K [0x00000000e0000000, 0x00000000f5580000, 0x00000000f5580000)
  object space 349696K, 12% used [0x00000000e0000000,0x00000000e2902090,0x00000000f5580000)
 Metaspace       used 53127K, capacity 59010K, committed 59028K, reserved 1099776K
  class space    used 6787K, capacity 8592K, committed 8596K, reserved 1048576K
}

Deoptimization events (10 events):
Event: 6.937 Thread 0x000000001802f800 Uncommon trap: reason=bimorphic action=maybe_recompile pc=0x0000000003c1ea6c method=org.jboss.vfs.util.FilterVirtualFileVisitor.visit(Lorg/jboss/vfs/VirtualFile;)V @ 5
Event: 7.031 Thread 0x000000001893c800 Uncommon trap: reason=class_check action=maybe_recompile pc=0x000000000361533c method=java.util.Collections$UnmodifiableMap.get(Ljava/lang/Object;)Ljava/lang/Object; @ 5
Event: 7.032 Thread 0x000000001893c800 Uncommon trap: reason=class_check action=maybe_recompile pc=0x000000000361533c method=java.util.Collections$UnmodifiableMap.get(Ljava/lang/Object;)Ljava/lang/Object; @ 5
Event: 7.032 Thread 0x000000001893c800 Uncommon trap: reason=class_check action=maybe_recompile pc=0x000000000361533c method=java.util.Collections$UnmodifiableMap.get(Ljava/lang/Object;)Ljava/lang/Object; @ 5
Event: 7.032 Thread 0x000000001893c800 Uncommon trap: reason=class_check action=maybe_recompile pc=0x000000000361533c method=java.util.Collections$UnmodifiableMap.get(Ljava/lang/Object;)Ljava/lang/Object; @ 5
Event: 7.142 Thread 0x0000000018030800 Uncommon trap: reason=unstable_if action=reinterpret pc=0x00000000034a6504 method=java.lang.String$CaseInsensitiveComparator.compare(Ljava/lang/String;Ljava/lang/String;)I @ 70
Event: 7.171 Thread 0x000000001893d800 Uncommon trap: reason=unstable_if action=reinterpret pc=0x000000000393b480 method=java.util.WeakHashMap.put(Ljava/lang/Object;Ljava/lang/Object;)Ljava/lang/Object; @ 47
Event: 7.331 Thread 0x000000001893d800 Uncommon trap: reason=unstable_if action=reinterpret pc=0x0000000003715a64 method=java.util.concurrent.ConcurrentHashMap.putVal(Ljava/lang/Object;Ljava/lang/Object;Z)Ljava/lang/Object; @ 195
Event: 7.341 Thread 0x000000001893d800 Uncommon trap: reason=range_check action=none pc=0x00000000035739dc method=sun.reflect.generics.parser.SignatureParser.current()C @ 34
Event: 7.350 Thread 0x000000001893d800 Uncommon trap: reason=range_check action=none pc=0x00000000035739dc method=sun.reflect.generics.parser.SignatureParser.current()C @ 34

Internal exceptions (10 events):
Event: 7.347 Thread 0x000000001e41e000 Exception <a 'java/lang/LinkageError': loader (instance of  org/jboss/modules/ModuleClassLoader): attempted  duplicate class definition for name: "com/mysql/jdbc/LicenseConfiguration"> (0x00000000fabac9d0) thrown at [C:\re\workspace\8-2-build-windows-amd64±ù)¤,c@
Event: 7.347 Thread 0x000000001e41e000 Exception <a 'java/lang/LinkageError'> (0x00000000fabac9d0) thrown at [C:\re\workspace\8-2-build-windows-amd64-cygwin\jdk8u45\3627\hotspot\src\share\vm\classfile\systemDictionary.cpp, line 1528]
Event: 7.347 Thread 0x0000000018030800 Exception <a 'java/lang/LinkageError': loader (instance of  org/jboss/modules/ModuleClassLoader): attempted  duplicate class definition for name: "com/mysql/jdbc/LicenseConfiguration"> (0x00000000fb0bf9d0) thrown at [C:\re\workspace\8-2-build-windows-amd64
Event: 7.347 Thread 0x0000000018030800 Exception <a 'java/lang/LinkageError'> (0x00000000fb0bf9d0) thrown at [C:\re\workspace\8-2-build-windows-amd64-cygwin\jdk8u45\3627\hotspot\src\share\vm\classfile\systemDictionary.cpp, line 1528]
Event: 7.349 Thread 0x000000001e41e000 Exception <a 'java/lang/LinkageError': loader (instance of  org/jboss/modules/ModuleClassLoader): attempted  duplicate class definition for name: "com/mysql/jdbc/NetworkResources"> (0x00000000fabafc80) thrown at [C:\re\workspace\8-2-build-windows-amd64-cygR­zÊ®e@
Event: 7.349 Thread 0x000000001e41e000 Exception <a 'java/lang/LinkageError'> (0x00000000fabafc80) thrown at [C:\re\workspace\8-2-build-windows-amd64-cygwin\jdk8u45\3627\hotspot\src\share\vm\classfile\systemDictionary.cpp, line 1528]
Event: 7.349 Thread 0x0000000018030800 Exception <a 'java/lang/LinkageError': loader (instance of  org/jboss/modules/ModuleClassLoader): attempted  duplicate class definition for name: "com/mysql/jdbc/NetworkResources"> (0x00000000fb0c2c80) thrown at [C:\re\workspace\8-2-build-windows-amd64-cyg¡!­d¼e@
Event: 7.349 Thread 0x0000000018030800 Exception <a 'java/lang/LinkageError'> (0x00000000fb0c2c80) thrown at [C:\re\workspace\8-2-build-windows-amd64-cygwin\jdk8u45\3627\hotspot\src\share\vm\classfile\systemDictionary.cpp, line 1528]
Event: 7.350 Thread 0x000000001893d800 Exception <a 'java/security/PrivilegedActionException'> (0x00000000fb1b1cc8) thrown at [C:\re\workspace\8-2-build-windows-amd64-cygwin\jdk8u45\3627\hotspot\src\share\vm\prims\jvm.cpp, line 1382]
Event: 7.351 Thread 0x000000001893d800 Exception <a 'java/lang/ArrayIndexOutOfBoundsException': 81> (0x00000000fb1b3138) thrown at [C:\re\workspace\8-2-build-windows-amd64-cygwin\jdk8u45\3627\hotspot\src\share\vm\interpreter\interpreterRuntime.cpp, line 366]

Events (10 events):
Event: 7.351 Thread 0x000000001893d800 DEOPT PACKING pc=0x0000000003a8cc84 sp=0x0000000019b6e2d0
Event: 7.351 Thread 0x000000001893d800 DEOPT UNPACKING pc=0x00000000031d787f sp=0x0000000019b6e010 mode 1
Event: 7.351 Thread 0x000000001893d800 DEOPT PACKING pc=0x000000000343c7e4 sp=0x0000000019b6d670
Event: 7.351 Thread 0x000000001893d800 DEOPT UNPACKING pc=0x00000000031d787f sp=0x0000000019b6d3f0 mode 1
Event: 7.351 Thread 0x000000001893d800 DEOPT PACKING pc=0x0000000003439854 sp=0x0000000019b6d740
Event: 7.351 Thread 0x000000001893d800 DEOPT UNPACKING pc=0x00000000031d787f sp=0x0000000019b6d498 mode 1
Event: 7.351 Thread 0x000000001893d800 DEOPT PACKING pc=0x000000000351adf4 sp=0x0000000019b6d7d0
Event: 7.351 Thread 0x000000001893d800 DEOPT UNPACKING pc=0x00000000031d787f sp=0x0000000019b6d588 mode 1
Event: 7.351 Thread 0x000000001893d800 DEOPT PACKING pc=0x0000000003a66474 sp=0x0000000019b6d8e0
Event: 7.351 Thread 0x000000001893d800 DEOPT UNPACKING pc=0x00000000031d787f sp=0x0000000019b6d620 mode 1


Dynamic libraries:
0x00007ff612ec0000 - 0x00007ff612ef7000 	C:\Program Files\Java\jdk1.8.0_45\bin\javaw.exe
0x00007ffc442d0000 - 0x00007ffc444b1000 	C:\WINDOWS\SYSTEM32\ntdll.dll
0x00007ffc41980000 - 0x00007ffc41a32000 	C:\WINDOWS\System32\KERNEL32.DLL
0x00007ffc411b0000 - 0x00007ffc41423000 	C:\WINDOWS\System32\KERNELBASE.dll
0x00007ffc41760000 - 0x00007ffc41801000 	C:\WINDOWS\System32\ADVAPI32.dll
0x00007ffc43920000 - 0x00007ffc439be000 	C:\WINDOWS\System32\msvcrt.dll
0x00007ffc41a40000 - 0x00007ffc41a9b000 	C:\WINDOWS\System32\sechost.dll
0x00007ffc43620000 - 0x00007ffc43744000 	C:\WINDOWS\System32\RPCRT4.dll
0x00007ffc43140000 - 0x00007ffc432d0000 	C:\WINDOWS\System32\USER32.dll
0x00007ffc416f0000 - 0x00007ffc41710000 	C:\WINDOWS\System32\win32u.dll
0x00007ffc438f0000 - 0x00007ffc43918000 	C:\WINDOWS\System32\GDI32.dll
0x00007ffc41550000 - 0x00007ffc416e2000 	C:\WINDOWS\System32\gdi32full.dll
0x00007ffc414b0000 - 0x00007ffc4154f000 	C:\WINDOWS\System32\msvcp_win.dll
0x00007ffc407b0000 - 0x00007ffc408aa000 	C:\WINDOWS\System32\ucrtbase.dll
0x00007ffc2d2c0000 - 0x00007ffc2d529000 	C:\WINDOWS\WinSxS\amd64_microsoft.windows.common-controls_6595b64144ccf1df_6.0.17134.48_none_b4b2216a3cb4dd3e\COMCTL32.dll
0x00007ffc43a80000 - 0x00007ffc43da3000 	C:\WINDOWS\System32\combase.dll
0x00007ffc41430000 - 0x00007ffc414aa000 	C:\WINDOWS\System32\bcryptPrimitives.dll
0x00007ffc41810000 - 0x00007ffc4183d000 	C:\WINDOWS\System32\IMM32.DLL
0x0000000070c60000 - 0x0000000070d32000 	C:\Program Files\Java\jdk1.8.0_45\jre\bin\msvcr100.dll
0x00000000713c0000 - 0x0000000071c43000 	C:\Program Files\Java\jdk1.8.0_45\jre\bin\server\jvm.dll
0x00007ffc44290000 - 0x00007ffc44298000 	C:\WINDOWS\System32\PSAPI.DLL
0x00007ffc3c6f0000 - 0x00007ffc3c713000 	C:\WINDOWS\SYSTEM32\WINMM.dll
0x00007ffc34560000 - 0x00007ffc3456a000 	C:\WINDOWS\SYSTEM32\VERSION.dll
0x00007ffc2b4a0000 - 0x00007ffc2b4a9000 	C:\WINDOWS\SYSTEM32\WSOCK32.dll
0x00007ffc41840000 - 0x00007ffc418ac000 	C:\WINDOWS\System32\WS2_32.dll
0x00007ffc3c620000 - 0x00007ffc3c64a000 	C:\WINDOWS\SYSTEM32\winmmbase.dll
0x00007ffc41710000 - 0x00007ffc41759000 	C:\WINDOWS\System32\cfgmgr32.dll
0x0000000071fa0000 - 0x0000000071faf000 	C:\Program Files\Java\jdk1.8.0_45\jre\bin\verify.dll
0x0000000071f70000 - 0x0000000071f99000 	C:\Program Files\Java\jdk1.8.0_45\jre\bin\java.dll
0x0000000070c20000 - 0x0000000070c55000 	C:\Program Files\Java\jdk1.8.0_45\jre\bin\jdwp.dll
0x0000000070c10000 - 0x0000000070c18000 	C:\Program Files\Java\jdk1.8.0_45\jre\bin\npt.dll
0x00000000713a0000 - 0x00000000713b6000 	C:\Program Files\Java\jdk1.8.0_45\jre\bin\zip.dll
0x00007ffc41d00000 - 0x00007ffc43140000 	C:\WINDOWS\System32\SHELL32.dll
0x00007ffc43470000 - 0x00007ffc43519000 	C:\WINDOWS\System32\shcore.dll
0x00007ffc40aa0000 - 0x00007ffc411ad000 	C:\WINDOWS\System32\windows.storage.dll
0x00007ffc439c0000 - 0x00007ffc43a11000 	C:\WINDOWS\System32\shlwapi.dll
0x00007ffc40630000 - 0x00007ffc40641000 	C:\WINDOWS\System32\kernel.appcore.dll
0x00007ffc40650000 - 0x00007ffc4066f000 	C:\WINDOWS\System32\profapi.dll
0x00007ffc405e0000 - 0x00007ffc4062c000 	C:\WINDOWS\System32\powrprof.dll
0x00007ffc40690000 - 0x00007ffc4069a000 	C:\WINDOWS\System32\FLTLIB.DLL
0x0000000070c00000 - 0x0000000070c09000 	C:\Program Files\Java\jdk1.8.0_45\jre\bin\dt_socket.dll
0x00007ffc2b580000 - 0x00007ffc2b596000 	C:\WINDOWS\system32\napinsp.dll
0x00007ffc2b560000 - 0x00007ffc2b57a000 	C:\WINDOWS\system32\pnrpnsp.dll
0x00007ffc3c230000 - 0x00007ffc3c249000 	C:\WINDOWS\system32\NLAapi.dll
0x00007ffc3fe00000 - 0x00007ffc3fe66000 	C:\WINDOWS\System32\mswsock.dll
0x00007ffc3fbc0000 - 0x00007ffc3fc7e000 	C:\WINDOWS\SYSTEM32\DNSAPI.dll
0x00007ffc43db0000 - 0x00007ffc43db8000 	C:\WINDOWS\System32\NSI.dll
0x00007ffc3fb80000 - 0x00007ffc3fbb8000 	C:\WINDOWS\SYSTEM32\IPHLPAPI.DLL
0x00007ffc2b550000 - 0x00007ffc2b55e000 	C:\WINDOWS\System32\winrnr.dll
0x00007ffc39450000 - 0x00007ffc394c2000 	C:\WINDOWS\System32\fwpuclnt.dll
0x00007ffc40140000 - 0x00007ffc40165000 	C:\WINDOWS\SYSTEM32\bcrypt.dll
0x00007ffc394e0000 - 0x00007ffc394ea000 	C:\Windows\System32\rasadhlp.dll
0x0000000070bf0000 - 0x0000000070bfd000 	C:\Program Files\Java\jdk1.8.0_45\jre\bin\management.dll
0x0000000071380000 - 0x000000007139a000 	C:\Program Files\Java\jdk1.8.0_45\jre\bin\net.dll
0x0000000071360000 - 0x0000000071371000 	C:\Program Files\Java\jdk1.8.0_45\jre\bin\nio.dll
0x00007ffc3ffb0000 - 0x00007ffc3ffc7000 	C:\WINDOWS\SYSTEM32\CRYPTSP.dll
0x00007ffc3f9e0000 - 0x00007ffc3fa13000 	C:\WINDOWS\system32\rsaenh.dll
0x00007ffc40510000 - 0x00007ffc40538000 	C:\WINDOWS\SYSTEM32\USERENV.dll
0x00007ffc3ffd0000 - 0x00007ffc3ffdb000 	C:\WINDOWS\SYSTEM32\CRYPTBASE.dll
0x00007ffc3bda0000 - 0x00007ffc3bdb6000 	C:\WINDOWS\SYSTEM32\dhcpcsvc6.DLL
0x00007ffc3bd50000 - 0x00007ffc3bd6a000 	C:\WINDOWS\SYSTEM32\dhcpcsvc.DLL
0x0000000071330000 - 0x0000000071354000 	C:\Program Files\Java\jdk1.8.0_45\jre\bin\sunec.dll
0x0000000070be0000 - 0x0000000070beb000 	C:\Program Files\Java\jdk1.8.0_45\jre\bin\sunmscapi.dll
0x00007ffc408b0000 - 0x00007ffc40a92000 	C:\WINDOWS\System32\CRYPT32.dll
0x00007ffc40670000 - 0x00007ffc40682000 	C:\WINDOWS\System32\MSASN1.dll
0x0000000070a30000 - 0x0000000070a53000 	C:\Program Files\Java\jdk1.8.0_45\jre\bin\instrument.dll
0x00007ffc3b740000 - 0x00007ffc3b909000 	C:\WINDOWS\SYSTEM32\dbghelp.dll

VM Arguments:
jvm_args: -agentlib:jdwp=transport=dt_socket,suspend=y,address=localhost:63616 -Dprogram.name=JBossTools: JBoss 6.4 -Xms512m -Xmx512m -Dorg.jboss.resolver.warning=true -Djava.net.preferIPv4Stack=true -Dsun.rmi.dgc.client.gcInterval=3600000 -Dsun.rmi.dgc.server.gcInterval=3600000 -Djboss.modules.system.pkgs=org.jboss.byteman -Djava.awt.headless=true -Dorg.jboss.boot.log.file=D:/IDE_CODE/IDE/IDE/Server/server tai khoan/standalone/log/boot.log -Dlogging.configuration=file:/D:/IDE_CODE/IDE/IDE/Server/server%20tai%20khoan/standalone/configuration/logging.properties -Djboss.home.dir=D:/IDE_CODE/IDE/IDE/Server/server tai khoan -Dorg.jboss.logmanager.nocolor=true -Djboss.bind.address.management=localhost -Dfile.encoding=Cp1252 
java_command: org.jboss.modules.Main -mp D:/IDE_CODE/IDE/IDE/Server/server tai khoan/modules -jaxpmodule javax.xml.jaxp-provider org.jboss.as.standalone -b localhost --server-config=standalone.xml -Djboss.server.base.dir=D:\IDE_CODE\IDE\IDE\Server\server tai khoan\standalone
java_class_path (initial): D:\IDE_CODE\IDE\IDE\Server\server tai khoan\jboss-modules.jar
Launcher Type: SUN_STANDARD

Environment Variables:
JAVA_HOME=C:\Program Files\Java\jdk1.8.0_45
PATH=C:\Program Files\Java\jdk1.8.0_45\jre\bin;native;C:/Program Files/Java/jdk1.8.0_45/bin/../jre/bin/server;C:/Program Files/Java/jdk1.8.0_45/bin/../jre/bin;C:/Program Files/Java/jdk1.8.0_45/bin/../jre/lib/amd64;C:\Program Files\Java\jdk1.8.0_45\bin;C:\ProgramData\Oracle\Java\javapath;C:\Program Files (x86)\Intel\iCLS Client\;C:\Program Files\Intel\iCLS Client\;C:\WINDOWS\system32;C:\WINDOWS;C:\WINDOWS\System32\Wbem;C:\WINDOWS\System32\WindowsPowerShell\v1.0\;C:\Program Files\Intel\Intel(R) Management Engine Components\DAL;C:\Program Files (x86)\Intel\Intel(R) Management Engine Components\DAL;C:\Program Files\Intel\Intel(R) Management Engine Components\IPT;C:\Program Files (x86)\Intel\Intel(R) Management Engine Components\IPT;C:\WINDOWS\system32;C:\WINDOWS;C:\WINDOWS\System32\Wbem;C:\WINDOWS\System32\WindowsPowerShell\v1.0\;E:\Repositories\bin;C:\Program Files\Microsoft SQL Server\Client SDK\ODBC\110\Tools\Binn\;C:\Program Files (x86)\Microsoft SQL Server\120\Tools\Binn\;C:\Program Files\Microsoft SQL Server\120\Tools\Binn\;C:\Program Files\Microsoft SQL Server\120\DTS\Binn\;C:\Program Files (x86)\Microsoft SQL Server\120\Tools\Binn\ManagementStudio\;C:\Program Files (x86)\Microsoft SQL Server\120\DTS\Binn\;C:\WINDOWS\System32\OpenSSH\;C:\Windows\system32;%USERPROFILE%\AppData\Local\Microsoft\WindowsApps;;D:\IDE_CODE\IDE\IDE\eclipse_tong hop;
USERNAME=vantrong
OS=Windows_NT
PROCESSOR_IDENTIFIER=Intel64 Family 6 Model 60 Stepping 3, GenuineIntel



---------------  S Y S T E M  ---------------

OS: Windows 10.0 , 64 bit Build 17134 (10.0.17134.1)

CPU:total 8 (4 cores per cpu, 2 threads per core) family 6 model 60 stepping 3, cmov, cx8, fxsr, mmx, sse, sse2, sse3, ssse3, sse4.1, sse4.2, popcnt, avx, avx2, aes, clmul, erms, lzcnt, ht, tsc, tscinvbit, bmi1, bmi2

Memory: 4k page, physical 16675136k(7325444k free), swap 31218584k(5144k free)

vm_info: Java HotSpot(TM) 64-Bit Server VM (25.45-b02) for windows-amd64 JRE (1.8.0_45-b15), built on Apr 30 2015 12:40:44 by "java_re" with MS VC++ 10.0 (VS2010)

time: Fri Jun 01 07:53:59 2018
elapsed time: 7 seconds (0d 0h 0m 7s)

